[2025-03-15T03:07:01.907+0000] {local_task_job_runner.py:123} INFO - ::group::Pre task execution logs
[2025-03-15T03:07:01.970+0000] {taskinstance.py:2612} INFO - Dependencies all met for dep_context=non-requeueable deps ti=<TaskInstance: career_analytics_pipeline.load_data scheduled__2025-02-22T00:00:00+00:00 [queued]>
[2025-03-15T03:07:01.987+0000] {taskinstance.py:2612} INFO - Dependencies all met for dep_context=requeueable deps ti=<TaskInstance: career_analytics_pipeline.load_data scheduled__2025-02-22T00:00:00+00:00 [queued]>
[2025-03-15T03:07:01.989+0000] {taskinstance.py:2865} INFO - Starting attempt 1 of 2
[2025-03-15T03:07:02.065+0000] {taskinstance.py:2888} INFO - Executing <Task(PythonOperator): load_data> on 2025-02-22 00:00:00+00:00
[2025-03-15T03:07:02.132+0000] {standard_task_runner.py:72} INFO - Started process 77 to run task
[2025-03-15T03:07:02.152+0000] {standard_task_runner.py:104} INFO - Running: ['***', 'tasks', 'run', 'career_analytics_pipeline', 'load_data', 'scheduled__2025-02-22T00:00:00+00:00', '--job-id', '9', '--raw', '--subdir', 'DAGS_FOLDER/Careers_Data_Pipeline.py', '--cfg-path', '/tmp/tmpu1u9zou_']
[2025-03-15T03:07:02.231+0000] {standard_task_runner.py:105} INFO - Job 9: Subtask load_data
[2025-03-15T03:07:02.457+0000] {task_command.py:467} INFO - Running <TaskInstance: career_analytics_pipeline.load_data scheduled__2025-02-22T00:00:00+00:00 [running]> on host a3a2c18cecd9
[2025-03-15T03:07:03.433+0000] {taskinstance.py:3131} INFO - Exporting env vars: AIRFLOW_CTX_DAG_OWNER='***' AIRFLOW_CTX_DAG_ID='career_analytics_pipeline' AIRFLOW_CTX_TASK_ID='load_data' AIRFLOW_CTX_EXECUTION_DATE='2025-02-22T00:00:00+00:00' AIRFLOW_CTX_TRY_NUMBER='1' AIRFLOW_CTX_DAG_RUN_ID='scheduled__2025-02-22T00:00:00+00:00'
[2025-03-15T03:07:03.437+0000] {taskinstance.py:731} INFO - ::endgroup::
[2025-03-15T03:07:03.490+0000] {warnings.py:110} WARNING - /opt/***/dags/Careers_Data_Pipeline.py:144: FutureWarning: Passing literal json to 'read_json' is deprecated and will be removed in a future version. To read from a literal string, wrap it in a 'StringIO' object.
  professionals_df = pd.read_json(ti.xcom_pull(key='professionals_df', task_ids='transform_data'))

[2025-03-15T03:07:03.559+0000] {warnings.py:110} WARNING - /opt/***/dags/Careers_Data_Pipeline.py:145: FutureWarning: Passing literal json to 'read_json' is deprecated and will be removed in a future version. To read from a literal string, wrap it in a 'StringIO' object.
  jobs_df = pd.read_json(ti.xcom_pull(key='jobs_df', task_ids='transform_data'))

[2025-03-15T03:07:03.587+0000] {warnings.py:110} WARNING - /opt/***/dags/Careers_Data_Pipeline.py:146: FutureWarning: Passing literal json to 'read_json' is deprecated and will be removed in a future version. To read from a literal string, wrap it in a 'StringIO' object.
  skills_df = pd.read_json(ti.xcom_pull(key='skills_df', task_ids='transform_data'))

[2025-03-15T03:07:03.631+0000] {warnings.py:110} WARNING - /opt/***/dags/Careers_Data_Pipeline.py:147: FutureWarning: Passing literal json to 'read_json' is deprecated and will be removed in a future version. To read from a literal string, wrap it in a 'StringIO' object.
  certifications_df = pd.read_json(ti.xcom_pull(key='certifications_df', task_ids='transform_data'))

[2025-03-15T03:07:03.660+0000] {warnings.py:110} WARNING - /opt/***/dags/Careers_Data_Pipeline.py:148: FutureWarning: Passing literal json to 'read_json' is deprecated and will be removed in a future version. To read from a literal string, wrap it in a 'StringIO' object.
  educations_df = pd.read_json(ti.xcom_pull(key='educations_df', task_ids='transform_data'))

[2025-03-15T03:07:03.763+0000] {taskinstance.py:3310} ERROR - Task failed with exception
Traceback (most recent call last):
  File "/home/airflow/.local/lib/python3.11/site-packages/airflow/models/taskinstance.py", line 767, in _execute_task
    result = _execute_callable(context=context, **execute_callable_kwargs)
             ^^^^^^^^^^^^^^^^^^^^^^^^^^^^^^^^^^^^^^^^^^^^^^^^^^^^^^^^^^^^^
  File "/home/airflow/.local/lib/python3.11/site-packages/airflow/models/taskinstance.py", line 733, in _execute_callable
    return ExecutionCallableRunner(
           ^^^^^^^^^^^^^^^^^^^^^^^^
  File "/home/airflow/.local/lib/python3.11/site-packages/airflow/utils/operator_helpers.py", line 252, in run
    return self.func(*args, **kwargs)
           ^^^^^^^^^^^^^^^^^^^^^^^^^^
  File "/home/airflow/.local/lib/python3.11/site-packages/airflow/models/baseoperator.py", line 406, in wrapper
    return func(self, *args, **kwargs)
           ^^^^^^^^^^^^^^^^^^^^^^^^^^^
  File "/home/airflow/.local/lib/python3.11/site-packages/airflow/operators/python.py", line 238, in execute
    return_value = self.execute_callable()
                   ^^^^^^^^^^^^^^^^^^^^^^^
  File "/home/airflow/.local/lib/python3.11/site-packages/airflow/operators/python.py", line 256, in execute_callable
    return runner.run(*self.op_args, **self.op_kwargs)
           ^^^^^^^^^^^^^^^^^^^^^^^^^^^^^^^^^^^^^^^^^^^
  File "/home/airflow/.local/lib/python3.11/site-packages/airflow/utils/operator_helpers.py", line 252, in run
    return self.func(*args, **kwargs)
           ^^^^^^^^^^^^^^^^^^^^^^^^^^
  File "/opt/airflow/dags/Careers_Data_Pipeline.py", line 157, in load_data_task
    con = duckdb.connect('/opt/airflow/plugins/career_data.duckdb', read_only=False)
          ^^^^^^^^^^^^^^^^^^^^^^^^^^^^^^^^^^^^^^^^^^^^^^^^^^^^^^^^^^^^^^^^^^^^^^^^^^
duckdb.duckdb.IOException: IO Error: Could not set lock on file "/opt/***/plugins/career_data.duckdb": Conflicting lock is held in /usr/local/bin/python3.11 (PID 76). See also https://duckdb.org/docs/connect/concurrency
[2025-03-15T03:07:03.792+0000] {taskinstance.py:1225} INFO - Marking task as UP_FOR_RETRY. dag_id=career_analytics_pipeline, task_id=load_data, run_id=scheduled__2025-02-22T00:00:00+00:00, execution_date=20250222T000000, start_date=20250315T030701, end_date=20250315T030703
[2025-03-15T03:07:03.820+0000] {taskinstance.py:340} INFO - ::group::Post task execution logs
[2025-03-15T03:07:03.823+0000] {standard_task_runner.py:124} ERROR - Failed to execute job 9 for task load_data (IO Error: Could not set lock on file "/opt/***/plugins/career_data.duckdb": Conflicting lock is held in /usr/local/bin/python3.11 (PID 76). See also https://duckdb.org/docs/connect/concurrency; 77)
Traceback (most recent call last):
  File "/home/airflow/.local/lib/python3.11/site-packages/airflow/task/task_runner/standard_task_runner.py", line 117, in _start_by_fork
    ret = args.func(args, dag=self.dag)
          ^^^^^^^^^^^^^^^^^^^^^^^^^^^^^
  File "/home/airflow/.local/lib/python3.11/site-packages/airflow/cli/cli_config.py", line 49, in command
    return func(*args, **kwargs)
           ^^^^^^^^^^^^^^^^^^^^^
  File "/home/airflow/.local/lib/python3.11/site-packages/airflow/utils/cli.py", line 115, in wrapper
    return f(*args, **kwargs)
           ^^^^^^^^^^^^^^^^^^
  File "/home/airflow/.local/lib/python3.11/site-packages/airflow/cli/commands/task_command.py", line 483, in task_run
    task_return_code = _run_task_by_selected_method(args, _dag, ti)
                       ^^^^^^^^^^^^^^^^^^^^^^^^^^^^^^^^^^^^^^^^^^^^
  File "/home/airflow/.local/lib/python3.11/site-packages/airflow/cli/commands/task_command.py", line 256, in _run_task_by_selected_method
    return _run_raw_task(args, ti)
           ^^^^^^^^^^^^^^^^^^^^^^^
  File "/home/airflow/.local/lib/python3.11/site-packages/airflow/cli/commands/task_command.py", line 341, in _run_raw_task
    return ti._run_raw_task(
           ^^^^^^^^^^^^^^^^^
  File "/home/airflow/.local/lib/python3.11/site-packages/airflow/utils/session.py", line 97, in wrapper
    return func(*args, session=session, **kwargs)
           ^^^^^^^^^^^^^^^^^^^^^^^^^^^^^^^^^^^^^^
  File "/home/airflow/.local/lib/python3.11/site-packages/airflow/models/taskinstance.py", line 3004, in _run_raw_task
    return _run_raw_task(
           ^^^^^^^^^^^^^^
  File "/home/airflow/.local/lib/python3.11/site-packages/airflow/models/taskinstance.py", line 273, in _run_raw_task
    TaskInstance._execute_task_with_callbacks(
  File "/home/airflow/.local/lib/python3.11/site-packages/airflow/models/taskinstance.py", line 3158, in _execute_task_with_callbacks
    result = self._execute_task(context, task_orig)
             ^^^^^^^^^^^^^^^^^^^^^^^^^^^^^^^^^^^^^^
  File "/home/airflow/.local/lib/python3.11/site-packages/airflow/models/taskinstance.py", line 3182, in _execute_task
    return _execute_task(self, context, task_orig)
           ^^^^^^^^^^^^^^^^^^^^^^^^^^^^^^^^^^^^^^^
  File "/home/airflow/.local/lib/python3.11/site-packages/airflow/models/taskinstance.py", line 767, in _execute_task
    result = _execute_callable(context=context, **execute_callable_kwargs)
             ^^^^^^^^^^^^^^^^^^^^^^^^^^^^^^^^^^^^^^^^^^^^^^^^^^^^^^^^^^^^^
  File "/home/airflow/.local/lib/python3.11/site-packages/airflow/models/taskinstance.py", line 733, in _execute_callable
    return ExecutionCallableRunner(
           ^^^^^^^^^^^^^^^^^^^^^^^^
  File "/home/airflow/.local/lib/python3.11/site-packages/airflow/utils/operator_helpers.py", line 252, in run
    return self.func(*args, **kwargs)
           ^^^^^^^^^^^^^^^^^^^^^^^^^^
  File "/home/airflow/.local/lib/python3.11/site-packages/airflow/models/baseoperator.py", line 406, in wrapper
    return func(self, *args, **kwargs)
           ^^^^^^^^^^^^^^^^^^^^^^^^^^^
  File "/home/airflow/.local/lib/python3.11/site-packages/airflow/operators/python.py", line 238, in execute
    return_value = self.execute_callable()
                   ^^^^^^^^^^^^^^^^^^^^^^^
  File "/home/airflow/.local/lib/python3.11/site-packages/airflow/operators/python.py", line 256, in execute_callable
    return runner.run(*self.op_args, **self.op_kwargs)
           ^^^^^^^^^^^^^^^^^^^^^^^^^^^^^^^^^^^^^^^^^^^
  File "/home/airflow/.local/lib/python3.11/site-packages/airflow/utils/operator_helpers.py", line 252, in run
    return self.func(*args, **kwargs)
           ^^^^^^^^^^^^^^^^^^^^^^^^^^
  File "/opt/airflow/dags/Careers_Data_Pipeline.py", line 157, in load_data_task
    con = duckdb.connect('/opt/airflow/plugins/career_data.duckdb', read_only=False)
          ^^^^^^^^^^^^^^^^^^^^^^^^^^^^^^^^^^^^^^^^^^^^^^^^^^^^^^^^^^^^^^^^^^^^^^^^^^
duckdb.duckdb.IOException: IO Error: Could not set lock on file "/opt/***/plugins/career_data.duckdb": Conflicting lock is held in /usr/local/bin/python3.11 (PID 76). See also https://duckdb.org/docs/connect/concurrency
[2025-03-15T03:07:03.871+0000] {local_task_job_runner.py:266} INFO - Task exited with return code 1
[2025-03-15T03:07:03.911+0000] {taskinstance.py:3900} INFO - 0 downstream tasks scheduled from follow-on schedule check
[2025-03-15T03:07:03.915+0000] {local_task_job_runner.py:245} INFO - ::endgroup::
[2025-03-15T03:09:32.591+0000] {local_task_job_runner.py:123} INFO - ::group::Pre task execution logs
[2025-03-15T03:09:32.612+0000] {taskinstance.py:2612} INFO - Dependencies all met for dep_context=non-requeueable deps ti=<TaskInstance: career_analytics_pipeline.load_data scheduled__2025-02-22T00:00:00+00:00 [queued]>
[2025-03-15T03:09:32.623+0000] {taskinstance.py:2612} INFO - Dependencies all met for dep_context=requeueable deps ti=<TaskInstance: career_analytics_pipeline.load_data scheduled__2025-02-22T00:00:00+00:00 [queued]>
[2025-03-15T03:09:32.626+0000] {taskinstance.py:2865} INFO - Starting attempt 1 of 2
[2025-03-15T03:09:32.653+0000] {taskinstance.py:2888} INFO - Executing <Task(PythonOperator): load_data> on 2025-02-22 00:00:00+00:00
[2025-03-15T03:09:32.660+0000] {standard_task_runner.py:72} INFO - Started process 94 to run task
[2025-03-15T03:09:32.663+0000] {standard_task_runner.py:104} INFO - Running: ['***', 'tasks', 'run', 'career_analytics_pipeline', 'load_data', 'scheduled__2025-02-22T00:00:00+00:00', '--job-id', '13', '--raw', '--subdir', 'DAGS_FOLDER/Careers_Data_Pipeline.py', '--cfg-path', '/tmp/tmp8y4um6b8']
[2025-03-15T03:09:32.668+0000] {standard_task_runner.py:105} INFO - Job 13: Subtask load_data
[2025-03-15T03:09:32.736+0000] {task_command.py:467} INFO - Running <TaskInstance: career_analytics_pipeline.load_data scheduled__2025-02-22T00:00:00+00:00 [running]> on host a3a2c18cecd9
[2025-03-15T03:09:33.065+0000] {taskinstance.py:3131} INFO - Exporting env vars: AIRFLOW_CTX_DAG_OWNER='***' AIRFLOW_CTX_DAG_ID='career_analytics_pipeline' AIRFLOW_CTX_TASK_ID='load_data' AIRFLOW_CTX_EXECUTION_DATE='2025-02-22T00:00:00+00:00' AIRFLOW_CTX_TRY_NUMBER='1' AIRFLOW_CTX_DAG_RUN_ID='scheduled__2025-02-22T00:00:00+00:00'
[2025-03-15T03:09:33.069+0000] {taskinstance.py:731} INFO - ::endgroup::
[2025-03-15T03:09:33.112+0000] {warnings.py:110} WARNING - /opt/***/dags/Careers_Data_Pipeline.py:144: FutureWarning: Passing literal json to 'read_json' is deprecated and will be removed in a future version. To read from a literal string, wrap it in a 'StringIO' object.
  professionals_df = pd.read_json(ti.xcom_pull(key='professionals_df', task_ids='transform_data'))

[2025-03-15T03:09:33.140+0000] {warnings.py:110} WARNING - /opt/***/dags/Careers_Data_Pipeline.py:145: FutureWarning: Passing literal json to 'read_json' is deprecated and will be removed in a future version. To read from a literal string, wrap it in a 'StringIO' object.
  jobs_df = pd.read_json(ti.xcom_pull(key='jobs_df', task_ids='transform_data'))

[2025-03-15T03:09:33.159+0000] {warnings.py:110} WARNING - /opt/***/dags/Careers_Data_Pipeline.py:146: FutureWarning: Passing literal json to 'read_json' is deprecated and will be removed in a future version. To read from a literal string, wrap it in a 'StringIO' object.
  skills_df = pd.read_json(ti.xcom_pull(key='skills_df', task_ids='transform_data'))

[2025-03-15T03:09:33.178+0000] {warnings.py:110} WARNING - /opt/***/dags/Careers_Data_Pipeline.py:147: FutureWarning: Passing literal json to 'read_json' is deprecated and will be removed in a future version. To read from a literal string, wrap it in a 'StringIO' object.
  certifications_df = pd.read_json(ti.xcom_pull(key='certifications_df', task_ids='transform_data'))

[2025-03-15T03:09:33.198+0000] {warnings.py:110} WARNING - /opt/***/dags/Careers_Data_Pipeline.py:148: FutureWarning: Passing literal json to 'read_json' is deprecated and will be removed in a future version. To read from a literal string, wrap it in a 'StringIO' object.
  educations_df = pd.read_json(ti.xcom_pull(key='educations_df', task_ids='transform_data'))

[2025-03-15T03:09:33.353+0000] {python.py:240} INFO - Done. Returned value was: None
[2025-03-15T03:09:33.370+0000] {taskinstance.py:340} INFO - ::group::Post task execution logs
[2025-03-15T03:09:33.372+0000] {taskinstance.py:352} INFO - Marking task as SUCCESS. dag_id=career_analytics_pipeline, task_id=load_data, run_id=scheduled__2025-02-22T00:00:00+00:00, execution_date=20250222T000000, start_date=20250315T030932, end_date=20250315T030933
[2025-03-15T03:09:33.403+0000] {local_task_job_runner.py:266} INFO - Task exited with return code 0
[2025-03-15T03:09:33.426+0000] {taskinstance.py:3900} INFO - 0 downstream tasks scheduled from follow-on schedule check
[2025-03-15T03:09:33.429+0000] {local_task_job_runner.py:245} INFO - ::endgroup::
