[2025-03-15T02:49:13.196+0000] {processor.py:186} INFO - Started process (PID=30) to work on /opt/airflow/dags/Careers_Data_Pipeline.py
[2025-03-15T02:49:13.230+0000] {processor.py:914} INFO - Processing file /opt/airflow/dags/Careers_Data_Pipeline.py for tasks to queue
[2025-03-15T02:49:13.240+0000] {logging_mixin.py:190} INFO - [2025-03-15T02:49:13.239+0000] {dagbag.py:587} INFO - Filling up the DagBag from /opt/airflow/dags/Careers_Data_Pipeline.py
[2025-03-15T02:49:17.578+0000] {processor.py:925} INFO - DAG(s) 'career_analytics_pipeline' retrieved from /opt/airflow/dags/Careers_Data_Pipeline.py
[2025-03-15T02:49:18.607+0000] {logging_mixin.py:190} INFO - [2025-03-15T02:49:18.603+0000] {override.py:1900} INFO - Created Permission View: can delete on DAG:career_analytics_pipeline
[2025-03-15T02:49:18.654+0000] {logging_mixin.py:190} INFO - [2025-03-15T02:49:18.654+0000] {override.py:1900} INFO - Created Permission View: can read on DAG:career_analytics_pipeline
[2025-03-15T02:49:18.679+0000] {logging_mixin.py:190} INFO - [2025-03-15T02:49:18.679+0000] {override.py:1900} INFO - Created Permission View: can edit on DAG:career_analytics_pipeline
[2025-03-15T02:49:18.696+0000] {logging_mixin.py:190} INFO - [2025-03-15T02:49:18.696+0000] {override.py:1900} INFO - Created Permission View: can delete on DAG Run:career_analytics_pipeline
[2025-03-15T02:49:18.719+0000] {logging_mixin.py:190} INFO - [2025-03-15T02:49:18.719+0000] {override.py:1900} INFO - Created Permission View: can create on DAG Run:career_analytics_pipeline
[2025-03-15T02:49:18.736+0000] {logging_mixin.py:190} INFO - [2025-03-15T02:49:18.736+0000] {override.py:1900} INFO - Created Permission View: can read on DAG Run:career_analytics_pipeline
[2025-03-15T02:49:18.750+0000] {logging_mixin.py:190} INFO - [2025-03-15T02:49:18.749+0000] {override.py:1900} INFO - Created Permission View: menu access on DAG Run:career_analytics_pipeline
[2025-03-15T02:49:18.751+0000] {logging_mixin.py:190} INFO - [2025-03-15T02:49:18.751+0000] {dag.py:3229} INFO - Sync 1 DAGs
[2025-03-15T02:49:18.780+0000] {logging_mixin.py:190} INFO - [2025-03-15T02:49:18.779+0000] {dag.py:3252} INFO - Creating ORM DAG for career_analytics_pipeline
[2025-03-15T02:49:18.802+0000] {logging_mixin.py:190} INFO - [2025-03-15T02:49:18.801+0000] {dag.py:4156} INFO - Setting next_dagrun for career_analytics_pipeline to 2025-02-22 00:00:00+00:00, run_after=2025-02-22 00:00:00+00:00
[2025-03-15T02:49:18.833+0000] {processor.py:208} INFO - Processing /opt/airflow/dags/Careers_Data_Pipeline.py took 5.675 seconds
[2025-03-15T02:49:49.451+0000] {processor.py:186} INFO - Started process (PID=32) to work on /opt/airflow/dags/Careers_Data_Pipeline.py
[2025-03-15T02:49:49.454+0000] {processor.py:914} INFO - Processing file /opt/airflow/dags/Careers_Data_Pipeline.py for tasks to queue
[2025-03-15T02:49:49.459+0000] {logging_mixin.py:190} INFO - [2025-03-15T02:49:49.458+0000] {dagbag.py:587} INFO - Filling up the DagBag from /opt/airflow/dags/Careers_Data_Pipeline.py
[2025-03-15T02:49:49.934+0000] {processor.py:925} INFO - DAG(s) 'career_analytics_pipeline' retrieved from /opt/airflow/dags/Careers_Data_Pipeline.py
[2025-03-15T02:49:49.973+0000] {logging_mixin.py:190} INFO - [2025-03-15T02:49:49.972+0000] {dag.py:3229} INFO - Sync 1 DAGs
[2025-03-15T02:49:50.004+0000] {logging_mixin.py:190} INFO - [2025-03-15T02:49:50.004+0000] {dag.py:4156} INFO - Setting next_dagrun for career_analytics_pipeline to 2025-02-22 00:00:00+00:00, run_after=2025-02-22 00:00:00+00:00
[2025-03-15T02:49:50.029+0000] {processor.py:208} INFO - Processing /opt/airflow/dags/Careers_Data_Pipeline.py took 0.588 seconds
[2025-03-15T02:50:20.163+0000] {processor.py:186} INFO - Started process (PID=34) to work on /opt/airflow/dags/Careers_Data_Pipeline.py
[2025-03-15T02:50:20.165+0000] {processor.py:914} INFO - Processing file /opt/airflow/dags/Careers_Data_Pipeline.py for tasks to queue
[2025-03-15T02:50:20.170+0000] {logging_mixin.py:190} INFO - [2025-03-15T02:50:20.169+0000] {dagbag.py:587} INFO - Filling up the DagBag from /opt/airflow/dags/Careers_Data_Pipeline.py
[2025-03-15T02:50:20.639+0000] {processor.py:925} INFO - DAG(s) 'career_analytics_pipeline' retrieved from /opt/airflow/dags/Careers_Data_Pipeline.py
[2025-03-15T02:50:20.673+0000] {logging_mixin.py:190} INFO - [2025-03-15T02:50:20.672+0000] {dag.py:3229} INFO - Sync 1 DAGs
[2025-03-15T02:50:20.699+0000] {logging_mixin.py:190} INFO - [2025-03-15T02:50:20.698+0000] {dag.py:4156} INFO - Setting next_dagrun for career_analytics_pipeline to 2025-02-22 00:00:00+00:00, run_after=2025-02-22 00:00:00+00:00
[2025-03-15T02:50:20.726+0000] {processor.py:208} INFO - Processing /opt/airflow/dags/Careers_Data_Pipeline.py took 0.572 seconds
[2025-03-15T02:50:51.053+0000] {processor.py:186} INFO - Started process (PID=36) to work on /opt/airflow/dags/Careers_Data_Pipeline.py
[2025-03-15T02:50:51.055+0000] {processor.py:914} INFO - Processing file /opt/airflow/dags/Careers_Data_Pipeline.py for tasks to queue
[2025-03-15T02:50:51.057+0000] {logging_mixin.py:190} INFO - [2025-03-15T02:50:51.057+0000] {dagbag.py:587} INFO - Filling up the DagBag from /opt/airflow/dags/Careers_Data_Pipeline.py
[2025-03-15T02:50:51.432+0000] {processor.py:925} INFO - DAG(s) 'career_analytics_pipeline' retrieved from /opt/airflow/dags/Careers_Data_Pipeline.py
[2025-03-15T02:50:51.463+0000] {logging_mixin.py:190} INFO - [2025-03-15T02:50:51.462+0000] {dag.py:3229} INFO - Sync 1 DAGs
[2025-03-15T02:50:51.488+0000] {logging_mixin.py:190} INFO - [2025-03-15T02:50:51.488+0000] {dag.py:4156} INFO - Setting next_dagrun for career_analytics_pipeline to 2025-02-22 00:00:00+00:00, run_after=2025-02-22 00:00:00+00:00
[2025-03-15T02:50:51.683+0000] {processor.py:208} INFO - Processing /opt/airflow/dags/Careers_Data_Pipeline.py took 0.636 seconds
[2025-03-15T02:51:22.094+0000] {processor.py:186} INFO - Started process (PID=38) to work on /opt/airflow/dags/Careers_Data_Pipeline.py
[2025-03-15T02:51:22.095+0000] {processor.py:914} INFO - Processing file /opt/airflow/dags/Careers_Data_Pipeline.py for tasks to queue
[2025-03-15T02:51:22.100+0000] {logging_mixin.py:190} INFO - [2025-03-15T02:51:22.099+0000] {dagbag.py:587} INFO - Filling up the DagBag from /opt/airflow/dags/Careers_Data_Pipeline.py
[2025-03-15T02:51:22.487+0000] {processor.py:925} INFO - DAG(s) 'career_analytics_pipeline' retrieved from /opt/airflow/dags/Careers_Data_Pipeline.py
[2025-03-15T02:51:22.522+0000] {logging_mixin.py:190} INFO - [2025-03-15T02:51:22.521+0000] {dag.py:3229} INFO - Sync 1 DAGs
[2025-03-15T02:51:22.546+0000] {logging_mixin.py:190} INFO - [2025-03-15T02:51:22.546+0000] {dag.py:4156} INFO - Setting next_dagrun for career_analytics_pipeline to 2025-02-22 00:00:00+00:00, run_after=2025-02-22 00:00:00+00:00
[2025-03-15T02:51:22.583+0000] {processor.py:208} INFO - Processing /opt/airflow/dags/Careers_Data_Pipeline.py took 0.497 seconds
[2025-03-15T02:51:52.733+0000] {processor.py:186} INFO - Started process (PID=40) to work on /opt/airflow/dags/Careers_Data_Pipeline.py
[2025-03-15T02:51:52.735+0000] {processor.py:914} INFO - Processing file /opt/airflow/dags/Careers_Data_Pipeline.py for tasks to queue
[2025-03-15T02:51:52.739+0000] {logging_mixin.py:190} INFO - [2025-03-15T02:51:52.739+0000] {dagbag.py:587} INFO - Filling up the DagBag from /opt/airflow/dags/Careers_Data_Pipeline.py
[2025-03-15T02:51:53.116+0000] {processor.py:925} INFO - DAG(s) 'career_analytics_pipeline' retrieved from /opt/airflow/dags/Careers_Data_Pipeline.py
[2025-03-15T02:51:53.150+0000] {logging_mixin.py:190} INFO - [2025-03-15T02:51:53.150+0000] {dag.py:3229} INFO - Sync 1 DAGs
[2025-03-15T02:51:53.175+0000] {logging_mixin.py:190} INFO - [2025-03-15T02:51:53.175+0000] {dag.py:4156} INFO - Setting next_dagrun for career_analytics_pipeline to 2025-02-22 00:00:00+00:00, run_after=2025-02-22 00:00:00+00:00
[2025-03-15T02:51:53.212+0000] {processor.py:208} INFO - Processing /opt/airflow/dags/Careers_Data_Pipeline.py took 0.488 seconds
[2025-03-15T02:52:23.580+0000] {processor.py:186} INFO - Started process (PID=42) to work on /opt/airflow/dags/Careers_Data_Pipeline.py
[2025-03-15T02:52:23.582+0000] {processor.py:914} INFO - Processing file /opt/airflow/dags/Careers_Data_Pipeline.py for tasks to queue
[2025-03-15T02:52:23.585+0000] {logging_mixin.py:190} INFO - [2025-03-15T02:52:23.585+0000] {dagbag.py:587} INFO - Filling up the DagBag from /opt/airflow/dags/Careers_Data_Pipeline.py
[2025-03-15T02:52:23.963+0000] {processor.py:925} INFO - DAG(s) 'career_analytics_pipeline' retrieved from /opt/airflow/dags/Careers_Data_Pipeline.py
[2025-03-15T02:52:23.996+0000] {logging_mixin.py:190} INFO - [2025-03-15T02:52:23.995+0000] {dag.py:3229} INFO - Sync 1 DAGs
[2025-03-15T02:52:24.021+0000] {logging_mixin.py:190} INFO - [2025-03-15T02:52:24.021+0000] {dag.py:4156} INFO - Setting next_dagrun for career_analytics_pipeline to 2025-02-22 00:00:00+00:00, run_after=2025-02-22 00:00:00+00:00
[2025-03-15T02:52:24.202+0000] {processor.py:208} INFO - Processing /opt/airflow/dags/Careers_Data_Pipeline.py took 0.630 seconds
[2025-03-15T02:52:54.606+0000] {processor.py:186} INFO - Started process (PID=44) to work on /opt/airflow/dags/Careers_Data_Pipeline.py
[2025-03-15T02:52:54.608+0000] {processor.py:914} INFO - Processing file /opt/airflow/dags/Careers_Data_Pipeline.py for tasks to queue
[2025-03-15T02:52:54.614+0000] {logging_mixin.py:190} INFO - [2025-03-15T02:52:54.613+0000] {dagbag.py:587} INFO - Filling up the DagBag from /opt/airflow/dags/Careers_Data_Pipeline.py
[2025-03-15T02:52:55.246+0000] {processor.py:925} INFO - DAG(s) 'career_analytics_pipeline' retrieved from /opt/airflow/dags/Careers_Data_Pipeline.py
[2025-03-15T02:52:55.293+0000] {logging_mixin.py:190} INFO - [2025-03-15T02:52:55.293+0000] {dag.py:3229} INFO - Sync 1 DAGs
[2025-03-15T02:52:55.333+0000] {logging_mixin.py:190} INFO - [2025-03-15T02:52:55.333+0000] {dag.py:4156} INFO - Setting next_dagrun for career_analytics_pipeline to 2025-02-22 00:00:00+00:00, run_after=2025-02-22 00:00:00+00:00
[2025-03-15T02:52:55.367+0000] {processor.py:208} INFO - Processing /opt/airflow/dags/Careers_Data_Pipeline.py took 0.770 seconds
[2025-03-15T02:53:26.063+0000] {processor.py:186} INFO - Started process (PID=46) to work on /opt/airflow/dags/Careers_Data_Pipeline.py
[2025-03-15T02:53:26.068+0000] {processor.py:914} INFO - Processing file /opt/airflow/dags/Careers_Data_Pipeline.py for tasks to queue
[2025-03-15T02:53:26.080+0000] {logging_mixin.py:190} INFO - [2025-03-15T02:53:26.079+0000] {dagbag.py:587} INFO - Filling up the DagBag from /opt/airflow/dags/Careers_Data_Pipeline.py
[2025-03-15T02:53:26.928+0000] {processor.py:925} INFO - DAG(s) 'career_analytics_pipeline' retrieved from /opt/airflow/dags/Careers_Data_Pipeline.py
[2025-03-15T02:53:27.011+0000] {logging_mixin.py:190} INFO - [2025-03-15T02:53:27.010+0000] {dag.py:3229} INFO - Sync 1 DAGs
[2025-03-15T02:53:27.078+0000] {logging_mixin.py:190} INFO - [2025-03-15T02:53:27.078+0000] {dag.py:4156} INFO - Setting next_dagrun for career_analytics_pipeline to 2025-02-22 00:00:00+00:00, run_after=2025-02-22 00:00:00+00:00
[2025-03-15T02:53:27.124+0000] {processor.py:208} INFO - Processing /opt/airflow/dags/Careers_Data_Pipeline.py took 1.093 seconds
[2025-03-15T02:53:57.625+0000] {processor.py:186} INFO - Started process (PID=48) to work on /opt/airflow/dags/Careers_Data_Pipeline.py
[2025-03-15T02:53:57.627+0000] {processor.py:914} INFO - Processing file /opt/airflow/dags/Careers_Data_Pipeline.py for tasks to queue
[2025-03-15T02:53:57.632+0000] {logging_mixin.py:190} INFO - [2025-03-15T02:53:57.631+0000] {dagbag.py:587} INFO - Filling up the DagBag from /opt/airflow/dags/Careers_Data_Pipeline.py
[2025-03-15T02:53:58.115+0000] {processor.py:925} INFO - DAG(s) 'career_analytics_pipeline' retrieved from /opt/airflow/dags/Careers_Data_Pipeline.py
[2025-03-15T02:53:58.196+0000] {logging_mixin.py:190} INFO - [2025-03-15T02:53:58.195+0000] {dag.py:3229} INFO - Sync 1 DAGs
[2025-03-15T02:53:58.314+0000] {logging_mixin.py:190} INFO - [2025-03-15T02:53:58.313+0000] {dag.py:4156} INFO - Setting next_dagrun for career_analytics_pipeline to 2025-02-22 00:00:00+00:00, run_after=2025-02-22 00:00:00+00:00
[2025-03-15T02:53:59.011+0000] {processor.py:208} INFO - Processing /opt/airflow/dags/Careers_Data_Pipeline.py took 1.395 seconds
[2025-03-15T02:54:29.373+0000] {processor.py:186} INFO - Started process (PID=50) to work on /opt/airflow/dags/Careers_Data_Pipeline.py
[2025-03-15T02:54:29.375+0000] {processor.py:914} INFO - Processing file /opt/airflow/dags/Careers_Data_Pipeline.py for tasks to queue
[2025-03-15T02:54:29.378+0000] {logging_mixin.py:190} INFO - [2025-03-15T02:54:29.378+0000] {dagbag.py:587} INFO - Filling up the DagBag from /opt/airflow/dags/Careers_Data_Pipeline.py
[2025-03-15T02:54:29.768+0000] {processor.py:925} INFO - DAG(s) 'career_analytics_pipeline' retrieved from /opt/airflow/dags/Careers_Data_Pipeline.py
[2025-03-15T02:54:29.802+0000] {logging_mixin.py:190} INFO - [2025-03-15T02:54:29.801+0000] {dag.py:3229} INFO - Sync 1 DAGs
[2025-03-15T02:54:29.826+0000] {logging_mixin.py:190} INFO - [2025-03-15T02:54:29.826+0000] {dag.py:4156} INFO - Setting next_dagrun for career_analytics_pipeline to 2025-02-22 00:00:00+00:00, run_after=2025-02-22 00:00:00+00:00
[2025-03-15T02:54:29.849+0000] {processor.py:208} INFO - Processing /opt/airflow/dags/Careers_Data_Pipeline.py took 0.482 seconds
[2025-03-15T02:55:00.269+0000] {processor.py:186} INFO - Started process (PID=52) to work on /opt/airflow/dags/Careers_Data_Pipeline.py
[2025-03-15T02:55:00.271+0000] {processor.py:914} INFO - Processing file /opt/airflow/dags/Careers_Data_Pipeline.py for tasks to queue
[2025-03-15T02:55:00.275+0000] {logging_mixin.py:190} INFO - [2025-03-15T02:55:00.275+0000] {dagbag.py:587} INFO - Filling up the DagBag from /opt/airflow/dags/Careers_Data_Pipeline.py
[2025-03-15T02:55:00.643+0000] {processor.py:925} INFO - DAG(s) 'career_analytics_pipeline' retrieved from /opt/airflow/dags/Careers_Data_Pipeline.py
[2025-03-15T02:55:00.675+0000] {logging_mixin.py:190} INFO - [2025-03-15T02:55:00.674+0000] {dag.py:3229} INFO - Sync 1 DAGs
[2025-03-15T02:55:00.701+0000] {logging_mixin.py:190} INFO - [2025-03-15T02:55:00.701+0000] {dag.py:4156} INFO - Setting next_dagrun for career_analytics_pipeline to 2025-02-22 00:00:00+00:00, run_after=2025-02-22 00:00:00+00:00
[2025-03-15T02:55:00.733+0000] {processor.py:208} INFO - Processing /opt/airflow/dags/Careers_Data_Pipeline.py took 0.471 seconds
[2025-03-15T02:55:31.099+0000] {processor.py:186} INFO - Started process (PID=54) to work on /opt/airflow/dags/Careers_Data_Pipeline.py
[2025-03-15T02:55:31.100+0000] {processor.py:914} INFO - Processing file /opt/airflow/dags/Careers_Data_Pipeline.py for tasks to queue
[2025-03-15T02:55:31.103+0000] {logging_mixin.py:190} INFO - [2025-03-15T02:55:31.102+0000] {dagbag.py:587} INFO - Filling up the DagBag from /opt/airflow/dags/Careers_Data_Pipeline.py
[2025-03-15T02:55:31.435+0000] {processor.py:925} INFO - DAG(s) 'career_analytics_pipeline' retrieved from /opt/airflow/dags/Careers_Data_Pipeline.py
[2025-03-15T02:55:31.464+0000] {logging_mixin.py:190} INFO - [2025-03-15T02:55:31.463+0000] {dag.py:3229} INFO - Sync 1 DAGs
[2025-03-15T02:55:31.487+0000] {logging_mixin.py:190} INFO - [2025-03-15T02:55:31.487+0000] {dag.py:4156} INFO - Setting next_dagrun for career_analytics_pipeline to 2025-02-22 00:00:00+00:00, run_after=2025-02-22 00:00:00+00:00
[2025-03-15T02:55:31.659+0000] {processor.py:208} INFO - Processing /opt/airflow/dags/Careers_Data_Pipeline.py took 0.566 seconds
[2025-03-15T02:56:02.074+0000] {processor.py:186} INFO - Started process (PID=56) to work on /opt/airflow/dags/Careers_Data_Pipeline.py
[2025-03-15T02:56:02.076+0000] {processor.py:914} INFO - Processing file /opt/airflow/dags/Careers_Data_Pipeline.py for tasks to queue
[2025-03-15T02:56:02.079+0000] {logging_mixin.py:190} INFO - [2025-03-15T02:56:02.079+0000] {dagbag.py:587} INFO - Filling up the DagBag from /opt/airflow/dags/Careers_Data_Pipeline.py
[2025-03-15T02:56:02.431+0000] {processor.py:925} INFO - DAG(s) 'career_analytics_pipeline' retrieved from /opt/airflow/dags/Careers_Data_Pipeline.py
[2025-03-15T02:56:02.465+0000] {logging_mixin.py:190} INFO - [2025-03-15T02:56:02.464+0000] {dag.py:3229} INFO - Sync 1 DAGs
[2025-03-15T02:56:02.493+0000] {logging_mixin.py:190} INFO - [2025-03-15T02:56:02.493+0000] {dag.py:4156} INFO - Setting next_dagrun for career_analytics_pipeline to 2025-02-22 00:00:00+00:00, run_after=2025-02-22 00:00:00+00:00
[2025-03-15T02:56:02.521+0000] {processor.py:208} INFO - Processing /opt/airflow/dags/Careers_Data_Pipeline.py took 0.454 seconds
[2025-03-15T02:56:32.799+0000] {processor.py:186} INFO - Started process (PID=58) to work on /opt/airflow/dags/Careers_Data_Pipeline.py
[2025-03-15T02:56:32.802+0000] {processor.py:914} INFO - Processing file /opt/airflow/dags/Careers_Data_Pipeline.py for tasks to queue
[2025-03-15T02:56:32.806+0000] {logging_mixin.py:190} INFO - [2025-03-15T02:56:32.805+0000] {dagbag.py:587} INFO - Filling up the DagBag from /opt/airflow/dags/Careers_Data_Pipeline.py
[2025-03-15T02:56:33.140+0000] {processor.py:925} INFO - DAG(s) 'career_analytics_pipeline' retrieved from /opt/airflow/dags/Careers_Data_Pipeline.py
[2025-03-15T02:56:33.172+0000] {logging_mixin.py:190} INFO - [2025-03-15T02:56:33.172+0000] {dag.py:3229} INFO - Sync 1 DAGs
[2025-03-15T02:56:33.196+0000] {logging_mixin.py:190} INFO - [2025-03-15T02:56:33.196+0000] {dag.py:4156} INFO - Setting next_dagrun for career_analytics_pipeline to 2025-02-22 00:00:00+00:00, run_after=2025-02-22 00:00:00+00:00
[2025-03-15T02:56:33.230+0000] {processor.py:208} INFO - Processing /opt/airflow/dags/Careers_Data_Pipeline.py took 0.442 seconds
[2025-03-15T02:57:03.607+0000] {processor.py:186} INFO - Started process (PID=60) to work on /opt/airflow/dags/Careers_Data_Pipeline.py
[2025-03-15T02:57:03.608+0000] {processor.py:914} INFO - Processing file /opt/airflow/dags/Careers_Data_Pipeline.py for tasks to queue
[2025-03-15T02:57:03.611+0000] {logging_mixin.py:190} INFO - [2025-03-15T02:57:03.611+0000] {dagbag.py:587} INFO - Filling up the DagBag from /opt/airflow/dags/Careers_Data_Pipeline.py
[2025-03-15T02:57:03.943+0000] {processor.py:925} INFO - DAG(s) 'career_analytics_pipeline' retrieved from /opt/airflow/dags/Careers_Data_Pipeline.py
[2025-03-15T02:57:03.974+0000] {logging_mixin.py:190} INFO - [2025-03-15T02:57:03.973+0000] {dag.py:3229} INFO - Sync 1 DAGs
[2025-03-15T02:57:03.996+0000] {logging_mixin.py:190} INFO - [2025-03-15T02:57:03.996+0000] {dag.py:4156} INFO - Setting next_dagrun for career_analytics_pipeline to 2025-02-22 00:00:00+00:00, run_after=2025-02-22 00:00:00+00:00
[2025-03-15T02:57:04.031+0000] {processor.py:208} INFO - Processing /opt/airflow/dags/Careers_Data_Pipeline.py took 0.431 seconds
[2025-03-15T02:57:34.445+0000] {processor.py:186} INFO - Started process (PID=62) to work on /opt/airflow/dags/Careers_Data_Pipeline.py
[2025-03-15T02:57:34.446+0000] {processor.py:914} INFO - Processing file /opt/airflow/dags/Careers_Data_Pipeline.py for tasks to queue
[2025-03-15T02:57:34.449+0000] {logging_mixin.py:190} INFO - [2025-03-15T02:57:34.449+0000] {dagbag.py:587} INFO - Filling up the DagBag from /opt/airflow/dags/Careers_Data_Pipeline.py
[2025-03-15T02:57:34.768+0000] {processor.py:925} INFO - DAG(s) 'career_analytics_pipeline' retrieved from /opt/airflow/dags/Careers_Data_Pipeline.py
[2025-03-15T02:57:34.798+0000] {logging_mixin.py:190} INFO - [2025-03-15T02:57:34.798+0000] {dag.py:3229} INFO - Sync 1 DAGs
[2025-03-15T02:57:34.953+0000] {logging_mixin.py:190} INFO - [2025-03-15T02:57:34.952+0000] {dag.py:4156} INFO - Setting next_dagrun for career_analytics_pipeline to 2025-02-22 00:00:00+00:00, run_after=2025-02-22 00:00:00+00:00
[2025-03-15T02:57:34.986+0000] {processor.py:208} INFO - Processing /opt/airflow/dags/Careers_Data_Pipeline.py took 0.550 seconds
[2025-03-15T02:58:05.307+0000] {processor.py:186} INFO - Started process (PID=64) to work on /opt/airflow/dags/Careers_Data_Pipeline.py
[2025-03-15T02:58:05.309+0000] {processor.py:914} INFO - Processing file /opt/airflow/dags/Careers_Data_Pipeline.py for tasks to queue
[2025-03-15T02:58:05.313+0000] {logging_mixin.py:190} INFO - [2025-03-15T02:58:05.312+0000] {dagbag.py:587} INFO - Filling up the DagBag from /opt/airflow/dags/Careers_Data_Pipeline.py
[2025-03-15T02:58:05.684+0000] {processor.py:925} INFO - DAG(s) 'career_analytics_pipeline' retrieved from /opt/airflow/dags/Careers_Data_Pipeline.py
[2025-03-15T02:58:05.716+0000] {logging_mixin.py:190} INFO - [2025-03-15T02:58:05.716+0000] {dag.py:3229} INFO - Sync 1 DAGs
[2025-03-15T02:58:05.742+0000] {logging_mixin.py:190} INFO - [2025-03-15T02:58:05.742+0000] {dag.py:4156} INFO - Setting next_dagrun for career_analytics_pipeline to 2025-02-22 00:00:00+00:00, run_after=2025-02-22 00:00:00+00:00
[2025-03-15T02:58:05.771+0000] {processor.py:208} INFO - Processing /opt/airflow/dags/Careers_Data_Pipeline.py took 0.472 seconds
[2025-03-15T02:58:36.165+0000] {processor.py:186} INFO - Started process (PID=66) to work on /opt/airflow/dags/Careers_Data_Pipeline.py
[2025-03-15T02:58:36.167+0000] {processor.py:914} INFO - Processing file /opt/airflow/dags/Careers_Data_Pipeline.py for tasks to queue
[2025-03-15T02:58:36.169+0000] {logging_mixin.py:190} INFO - [2025-03-15T02:58:36.169+0000] {dagbag.py:587} INFO - Filling up the DagBag from /opt/airflow/dags/Careers_Data_Pipeline.py
[2025-03-15T02:58:36.498+0000] {processor.py:925} INFO - DAG(s) 'career_analytics_pipeline' retrieved from /opt/airflow/dags/Careers_Data_Pipeline.py
[2025-03-15T02:58:36.529+0000] {logging_mixin.py:190} INFO - [2025-03-15T02:58:36.529+0000] {dag.py:3229} INFO - Sync 1 DAGs
[2025-03-15T02:58:36.558+0000] {logging_mixin.py:190} INFO - [2025-03-15T02:58:36.558+0000] {dag.py:4156} INFO - Setting next_dagrun for career_analytics_pipeline to 2025-02-22 00:00:00+00:00, run_after=2025-02-22 00:00:00+00:00
[2025-03-15T02:58:36.584+0000] {processor.py:208} INFO - Processing /opt/airflow/dags/Careers_Data_Pipeline.py took 0.425 seconds
[2025-03-15T02:59:06.994+0000] {processor.py:186} INFO - Started process (PID=68) to work on /opt/airflow/dags/Careers_Data_Pipeline.py
[2025-03-15T02:59:06.995+0000] {processor.py:914} INFO - Processing file /opt/airflow/dags/Careers_Data_Pipeline.py for tasks to queue
[2025-03-15T02:59:06.999+0000] {logging_mixin.py:190} INFO - [2025-03-15T02:59:06.998+0000] {dagbag.py:587} INFO - Filling up the DagBag from /opt/airflow/dags/Careers_Data_Pipeline.py
[2025-03-15T02:59:07.419+0000] {processor.py:925} INFO - DAG(s) 'career_analytics_pipeline' retrieved from /opt/airflow/dags/Careers_Data_Pipeline.py
[2025-03-15T02:59:07.460+0000] {logging_mixin.py:190} INFO - [2025-03-15T02:59:07.460+0000] {dag.py:3229} INFO - Sync 1 DAGs
[2025-03-15T02:59:07.625+0000] {logging_mixin.py:190} INFO - [2025-03-15T02:59:07.624+0000] {dag.py:4156} INFO - Setting next_dagrun for career_analytics_pipeline to 2025-02-22 00:00:00+00:00, run_after=2025-02-22 00:00:00+00:00
[2025-03-15T02:59:07.658+0000] {processor.py:208} INFO - Processing /opt/airflow/dags/Careers_Data_Pipeline.py took 0.672 seconds
[2025-03-15T02:59:37.934+0000] {processor.py:186} INFO - Started process (PID=70) to work on /opt/airflow/dags/Careers_Data_Pipeline.py
[2025-03-15T02:59:37.936+0000] {processor.py:914} INFO - Processing file /opt/airflow/dags/Careers_Data_Pipeline.py for tasks to queue
[2025-03-15T02:59:37.939+0000] {logging_mixin.py:190} INFO - [2025-03-15T02:59:37.939+0000] {dagbag.py:587} INFO - Filling up the DagBag from /opt/airflow/dags/Careers_Data_Pipeline.py
[2025-03-15T02:59:38.274+0000] {processor.py:925} INFO - DAG(s) 'career_analytics_pipeline' retrieved from /opt/airflow/dags/Careers_Data_Pipeline.py
[2025-03-15T02:59:38.315+0000] {logging_mixin.py:190} INFO - [2025-03-15T02:59:38.314+0000] {dag.py:3229} INFO - Sync 1 DAGs
[2025-03-15T02:59:38.356+0000] {logging_mixin.py:190} INFO - [2025-03-15T02:59:38.355+0000] {dag.py:4156} INFO - Setting next_dagrun for career_analytics_pipeline to 2025-02-22 00:00:00+00:00, run_after=2025-02-22 00:00:00+00:00
[2025-03-15T02:59:38.391+0000] {processor.py:208} INFO - Processing /opt/airflow/dags/Careers_Data_Pipeline.py took 0.463 seconds
[2025-03-15T03:00:08.800+0000] {processor.py:186} INFO - Started process (PID=72) to work on /opt/airflow/dags/Careers_Data_Pipeline.py
[2025-03-15T03:00:08.802+0000] {processor.py:914} INFO - Processing file /opt/airflow/dags/Careers_Data_Pipeline.py for tasks to queue
[2025-03-15T03:00:08.809+0000] {logging_mixin.py:190} INFO - [2025-03-15T03:00:08.808+0000] {dagbag.py:587} INFO - Filling up the DagBag from /opt/airflow/dags/Careers_Data_Pipeline.py
[2025-03-15T03:00:09.185+0000] {processor.py:925} INFO - DAG(s) 'career_analytics_pipeline' retrieved from /opt/airflow/dags/Careers_Data_Pipeline.py
[2025-03-15T03:00:09.218+0000] {logging_mixin.py:190} INFO - [2025-03-15T03:00:09.218+0000] {dag.py:3229} INFO - Sync 1 DAGs
[2025-03-15T03:00:09.249+0000] {logging_mixin.py:190} INFO - [2025-03-15T03:00:09.248+0000] {dag.py:4156} INFO - Setting next_dagrun for career_analytics_pipeline to 2025-02-22 00:00:00+00:00, run_after=2025-02-22 00:00:00+00:00
[2025-03-15T03:00:09.275+0000] {processor.py:208} INFO - Processing /opt/airflow/dags/Careers_Data_Pipeline.py took 0.486 seconds
[2025-03-15T03:00:39.666+0000] {processor.py:186} INFO - Started process (PID=74) to work on /opt/airflow/dags/Careers_Data_Pipeline.py
[2025-03-15T03:00:39.668+0000] {processor.py:914} INFO - Processing file /opt/airflow/dags/Careers_Data_Pipeline.py for tasks to queue
[2025-03-15T03:00:39.670+0000] {logging_mixin.py:190} INFO - [2025-03-15T03:00:39.670+0000] {dagbag.py:587} INFO - Filling up the DagBag from /opt/airflow/dags/Careers_Data_Pipeline.py
[2025-03-15T03:00:40.002+0000] {processor.py:925} INFO - DAG(s) 'career_analytics_pipeline' retrieved from /opt/airflow/dags/Careers_Data_Pipeline.py
[2025-03-15T03:00:40.031+0000] {logging_mixin.py:190} INFO - [2025-03-15T03:00:40.031+0000] {dag.py:3229} INFO - Sync 1 DAGs
[2025-03-15T03:00:40.266+0000] {logging_mixin.py:190} INFO - [2025-03-15T03:00:40.265+0000] {dag.py:4156} INFO - Setting next_dagrun for career_analytics_pipeline to 2025-02-22 00:00:00+00:00, run_after=2025-02-22 00:00:00+00:00
[2025-03-15T03:00:40.306+0000] {processor.py:208} INFO - Processing /opt/airflow/dags/Careers_Data_Pipeline.py took 0.646 seconds
[2025-03-15T03:01:10.517+0000] {processor.py:186} INFO - Started process (PID=76) to work on /opt/airflow/dags/Careers_Data_Pipeline.py
[2025-03-15T03:01:10.519+0000] {processor.py:914} INFO - Processing file /opt/airflow/dags/Careers_Data_Pipeline.py for tasks to queue
[2025-03-15T03:01:10.522+0000] {logging_mixin.py:190} INFO - [2025-03-15T03:01:10.522+0000] {dagbag.py:587} INFO - Filling up the DagBag from /opt/airflow/dags/Careers_Data_Pipeline.py
[2025-03-15T03:01:10.927+0000] {processor.py:925} INFO - DAG(s) 'career_analytics_pipeline' retrieved from /opt/airflow/dags/Careers_Data_Pipeline.py
[2025-03-15T03:01:10.955+0000] {logging_mixin.py:190} INFO - [2025-03-15T03:01:10.955+0000] {dag.py:3229} INFO - Sync 1 DAGs
[2025-03-15T03:01:10.996+0000] {logging_mixin.py:190} INFO - [2025-03-15T03:01:10.995+0000] {dag.py:4156} INFO - Setting next_dagrun for career_analytics_pipeline to 2025-02-22 00:00:00+00:00, run_after=2025-02-22 00:00:00+00:00
[2025-03-15T03:01:11.033+0000] {processor.py:208} INFO - Processing /opt/airflow/dags/Careers_Data_Pipeline.py took 0.526 seconds
[2025-03-15T03:01:41.476+0000] {processor.py:186} INFO - Started process (PID=78) to work on /opt/airflow/dags/Careers_Data_Pipeline.py
[2025-03-15T03:01:41.486+0000] {processor.py:914} INFO - Processing file /opt/airflow/dags/Careers_Data_Pipeline.py for tasks to queue
[2025-03-15T03:01:41.490+0000] {logging_mixin.py:190} INFO - [2025-03-15T03:01:41.490+0000] {dagbag.py:587} INFO - Filling up the DagBag from /opt/airflow/dags/Careers_Data_Pipeline.py
[2025-03-15T03:01:41.817+0000] {processor.py:925} INFO - DAG(s) 'career_analytics_pipeline' retrieved from /opt/airflow/dags/Careers_Data_Pipeline.py
[2025-03-15T03:01:41.849+0000] {logging_mixin.py:190} INFO - [2025-03-15T03:01:41.848+0000] {dag.py:3229} INFO - Sync 1 DAGs
[2025-03-15T03:01:41.871+0000] {logging_mixin.py:190} INFO - [2025-03-15T03:01:41.871+0000] {dag.py:4156} INFO - Setting next_dagrun for career_analytics_pipeline to 2025-02-22 00:00:00+00:00, run_after=2025-02-22 00:00:00+00:00
[2025-03-15T03:01:41.908+0000] {processor.py:208} INFO - Processing /opt/airflow/dags/Careers_Data_Pipeline.py took 0.441 seconds
[2025-03-15T03:02:12.315+0000] {processor.py:186} INFO - Started process (PID=80) to work on /opt/airflow/dags/Careers_Data_Pipeline.py
[2025-03-15T03:02:12.317+0000] {processor.py:914} INFO - Processing file /opt/airflow/dags/Careers_Data_Pipeline.py for tasks to queue
[2025-03-15T03:02:12.320+0000] {logging_mixin.py:190} INFO - [2025-03-15T03:02:12.320+0000] {dagbag.py:587} INFO - Filling up the DagBag from /opt/airflow/dags/Careers_Data_Pipeline.py
[2025-03-15T03:02:12.722+0000] {processor.py:925} INFO - DAG(s) 'career_analytics_pipeline' retrieved from /opt/airflow/dags/Careers_Data_Pipeline.py
[2025-03-15T03:02:12.765+0000] {logging_mixin.py:190} INFO - [2025-03-15T03:02:12.764+0000] {dag.py:3229} INFO - Sync 1 DAGs
[2025-03-15T03:02:13.057+0000] {logging_mixin.py:190} INFO - [2025-03-15T03:02:13.057+0000] {dag.py:4156} INFO - Setting next_dagrun for career_analytics_pipeline to 2025-02-22 00:00:00+00:00, run_after=2025-02-22 00:00:00+00:00
[2025-03-15T03:02:13.095+0000] {processor.py:208} INFO - Processing /opt/airflow/dags/Careers_Data_Pipeline.py took 0.788 seconds
[2025-03-15T03:02:43.208+0000] {processor.py:186} INFO - Started process (PID=82) to work on /opt/airflow/dags/Careers_Data_Pipeline.py
[2025-03-15T03:02:43.210+0000] {processor.py:914} INFO - Processing file /opt/airflow/dags/Careers_Data_Pipeline.py for tasks to queue
[2025-03-15T03:02:43.214+0000] {logging_mixin.py:190} INFO - [2025-03-15T03:02:43.213+0000] {dagbag.py:587} INFO - Filling up the DagBag from /opt/airflow/dags/Careers_Data_Pipeline.py
[2025-03-15T03:02:43.574+0000] {processor.py:925} INFO - DAG(s) 'career_analytics_pipeline' retrieved from /opt/airflow/dags/Careers_Data_Pipeline.py
[2025-03-15T03:02:43.606+0000] {logging_mixin.py:190} INFO - [2025-03-15T03:02:43.606+0000] {dag.py:3229} INFO - Sync 1 DAGs
[2025-03-15T03:02:43.629+0000] {logging_mixin.py:190} INFO - [2025-03-15T03:02:43.629+0000] {dag.py:4156} INFO - Setting next_dagrun for career_analytics_pipeline to 2025-02-22 00:00:00+00:00, run_after=2025-02-22 00:00:00+00:00
[2025-03-15T03:02:43.664+0000] {processor.py:208} INFO - Processing /opt/airflow/dags/Careers_Data_Pipeline.py took 0.466 seconds
[2025-03-15T03:03:13.774+0000] {processor.py:186} INFO - Started process (PID=84) to work on /opt/airflow/dags/Careers_Data_Pipeline.py
[2025-03-15T03:03:13.776+0000] {processor.py:914} INFO - Processing file /opt/airflow/dags/Careers_Data_Pipeline.py for tasks to queue
[2025-03-15T03:03:13.781+0000] {logging_mixin.py:190} INFO - [2025-03-15T03:03:13.780+0000] {dagbag.py:587} INFO - Filling up the DagBag from /opt/airflow/dags/Careers_Data_Pipeline.py
[2025-03-15T03:03:14.170+0000] {processor.py:925} INFO - DAG(s) 'career_analytics_pipeline' retrieved from /opt/airflow/dags/Careers_Data_Pipeline.py
[2025-03-15T03:03:14.205+0000] {logging_mixin.py:190} INFO - [2025-03-15T03:03:14.205+0000] {dag.py:3229} INFO - Sync 1 DAGs
[2025-03-15T03:03:14.231+0000] {logging_mixin.py:190} INFO - [2025-03-15T03:03:14.231+0000] {dag.py:4156} INFO - Setting next_dagrun for career_analytics_pipeline to 2025-02-22 00:00:00+00:00, run_after=2025-02-22 00:00:00+00:00
[2025-03-15T03:03:14.268+0000] {processor.py:208} INFO - Processing /opt/airflow/dags/Careers_Data_Pipeline.py took 0.502 seconds
[2025-03-15T03:03:44.620+0000] {processor.py:186} INFO - Started process (PID=86) to work on /opt/airflow/dags/Careers_Data_Pipeline.py
[2025-03-15T03:03:44.621+0000] {processor.py:914} INFO - Processing file /opt/airflow/dags/Careers_Data_Pipeline.py for tasks to queue
[2025-03-15T03:03:44.624+0000] {logging_mixin.py:190} INFO - [2025-03-15T03:03:44.624+0000] {dagbag.py:587} INFO - Filling up the DagBag from /opt/airflow/dags/Careers_Data_Pipeline.py
[2025-03-15T03:03:45.004+0000] {processor.py:925} INFO - DAG(s) 'career_analytics_pipeline' retrieved from /opt/airflow/dags/Careers_Data_Pipeline.py
[2025-03-15T03:03:45.035+0000] {logging_mixin.py:190} INFO - [2025-03-15T03:03:45.035+0000] {dag.py:3229} INFO - Sync 1 DAGs
[2025-03-15T03:03:45.197+0000] {logging_mixin.py:190} INFO - [2025-03-15T03:03:45.197+0000] {dag.py:4156} INFO - Setting next_dagrun for career_analytics_pipeline to 2025-02-22 00:00:00+00:00, run_after=2025-02-22 00:00:00+00:00
[2025-03-15T03:03:45.231+0000] {processor.py:208} INFO - Processing /opt/airflow/dags/Careers_Data_Pipeline.py took 0.619 seconds
[2025-03-15T03:04:15.671+0000] {processor.py:186} INFO - Started process (PID=88) to work on /opt/airflow/dags/Careers_Data_Pipeline.py
[2025-03-15T03:04:15.673+0000] {processor.py:914} INFO - Processing file /opt/airflow/dags/Careers_Data_Pipeline.py for tasks to queue
[2025-03-15T03:04:15.677+0000] {logging_mixin.py:190} INFO - [2025-03-15T03:04:15.676+0000] {dagbag.py:587} INFO - Filling up the DagBag from /opt/airflow/dags/Careers_Data_Pipeline.py
[2025-03-15T03:04:16.020+0000] {processor.py:925} INFO - DAG(s) 'career_analytics_pipeline' retrieved from /opt/airflow/dags/Careers_Data_Pipeline.py
[2025-03-15T03:04:16.051+0000] {logging_mixin.py:190} INFO - [2025-03-15T03:04:16.050+0000] {dag.py:3229} INFO - Sync 1 DAGs
[2025-03-15T03:04:16.075+0000] {logging_mixin.py:190} INFO - [2025-03-15T03:04:16.075+0000] {dag.py:4156} INFO - Setting next_dagrun for career_analytics_pipeline to 2025-02-22 00:00:00+00:00, run_after=2025-02-22 00:00:00+00:00
[2025-03-15T03:04:16.109+0000] {processor.py:208} INFO - Processing /opt/airflow/dags/Careers_Data_Pipeline.py took 0.444 seconds
[2025-03-15T03:04:46.306+0000] {processor.py:186} INFO - Started process (PID=90) to work on /opt/airflow/dags/Careers_Data_Pipeline.py
[2025-03-15T03:04:46.308+0000] {processor.py:914} INFO - Processing file /opt/airflow/dags/Careers_Data_Pipeline.py for tasks to queue
[2025-03-15T03:04:46.311+0000] {logging_mixin.py:190} INFO - [2025-03-15T03:04:46.311+0000] {dagbag.py:587} INFO - Filling up the DagBag from /opt/airflow/dags/Careers_Data_Pipeline.py
[2025-03-15T03:04:46.638+0000] {processor.py:925} INFO - DAG(s) 'career_analytics_pipeline' retrieved from /opt/airflow/dags/Careers_Data_Pipeline.py
[2025-03-15T03:04:46.670+0000] {logging_mixin.py:190} INFO - [2025-03-15T03:04:46.670+0000] {dag.py:3229} INFO - Sync 1 DAGs
[2025-03-15T03:04:46.692+0000] {logging_mixin.py:190} INFO - [2025-03-15T03:04:46.692+0000] {dag.py:4156} INFO - Setting next_dagrun for career_analytics_pipeline to 2025-02-22 00:00:00+00:00, run_after=2025-02-22 00:00:00+00:00
[2025-03-15T03:04:46.725+0000] {processor.py:208} INFO - Processing /opt/airflow/dags/Careers_Data_Pipeline.py took 0.425 seconds
[2025-03-15T03:05:16.859+0000] {processor.py:186} INFO - Started process (PID=92) to work on /opt/airflow/dags/Careers_Data_Pipeline.py
[2025-03-15T03:05:16.860+0000] {processor.py:914} INFO - Processing file /opt/airflow/dags/Careers_Data_Pipeline.py for tasks to queue
[2025-03-15T03:05:16.863+0000] {logging_mixin.py:190} INFO - [2025-03-15T03:05:16.863+0000] {dagbag.py:587} INFO - Filling up the DagBag from /opt/airflow/dags/Careers_Data_Pipeline.py
[2025-03-15T03:05:17.203+0000] {processor.py:925} INFO - DAG(s) 'career_analytics_pipeline' retrieved from /opt/airflow/dags/Careers_Data_Pipeline.py
[2025-03-15T03:05:17.234+0000] {logging_mixin.py:190} INFO - [2025-03-15T03:05:17.234+0000] {dag.py:3229} INFO - Sync 1 DAGs
[2025-03-15T03:05:17.400+0000] {logging_mixin.py:190} INFO - [2025-03-15T03:05:17.399+0000] {dag.py:4156} INFO - Setting next_dagrun for career_analytics_pipeline to 2025-02-22 00:00:00+00:00, run_after=2025-02-22 00:00:00+00:00
[2025-03-15T03:05:17.433+0000] {processor.py:208} INFO - Processing /opt/airflow/dags/Careers_Data_Pipeline.py took 0.581 seconds
[2025-03-15T03:05:47.803+0000] {processor.py:186} INFO - Started process (PID=94) to work on /opt/airflow/dags/Careers_Data_Pipeline.py
[2025-03-15T03:05:47.805+0000] {processor.py:914} INFO - Processing file /opt/airflow/dags/Careers_Data_Pipeline.py for tasks to queue
[2025-03-15T03:05:47.808+0000] {logging_mixin.py:190} INFO - [2025-03-15T03:05:47.808+0000] {dagbag.py:587} INFO - Filling up the DagBag from /opt/airflow/dags/Careers_Data_Pipeline.py
[2025-03-15T03:05:48.186+0000] {processor.py:925} INFO - DAG(s) 'career_analytics_pipeline' retrieved from /opt/airflow/dags/Careers_Data_Pipeline.py
[2025-03-15T03:05:48.217+0000] {logging_mixin.py:190} INFO - [2025-03-15T03:05:48.216+0000] {dag.py:3229} INFO - Sync 1 DAGs
[2025-03-15T03:05:48.239+0000] {logging_mixin.py:190} INFO - [2025-03-15T03:05:48.239+0000] {dag.py:4156} INFO - Setting next_dagrun for career_analytics_pipeline to 2025-02-22 00:00:00+00:00, run_after=2025-02-22 00:00:00+00:00
[2025-03-15T03:05:48.274+0000] {processor.py:208} INFO - Processing /opt/airflow/dags/Careers_Data_Pipeline.py took 0.479 seconds
[2025-03-15T03:06:18.709+0000] {processor.py:186} INFO - Started process (PID=96) to work on /opt/airflow/dags/Careers_Data_Pipeline.py
[2025-03-15T03:06:18.711+0000] {processor.py:914} INFO - Processing file /opt/airflow/dags/Careers_Data_Pipeline.py for tasks to queue
[2025-03-15T03:06:18.716+0000] {logging_mixin.py:190} INFO - [2025-03-15T03:06:18.715+0000] {dagbag.py:587} INFO - Filling up the DagBag from /opt/airflow/dags/Careers_Data_Pipeline.py
[2025-03-15T03:06:19.242+0000] {processor.py:925} INFO - DAG(s) 'career_analytics_pipeline' retrieved from /opt/airflow/dags/Careers_Data_Pipeline.py
[2025-03-15T03:06:19.281+0000] {logging_mixin.py:190} INFO - [2025-03-15T03:06:19.280+0000] {dag.py:3229} INFO - Sync 1 DAGs
[2025-03-15T03:06:19.309+0000] {logging_mixin.py:190} INFO - [2025-03-15T03:06:19.308+0000] {dag.py:4156} INFO - Setting next_dagrun for career_analytics_pipeline to 2025-02-22 00:00:00+00:00, run_after=2025-02-22 00:00:00+00:00
[2025-03-15T03:06:19.346+0000] {processor.py:208} INFO - Processing /opt/airflow/dags/Careers_Data_Pipeline.py took 0.649 seconds
[2025-03-15T03:06:49.439+0000] {processor.py:186} INFO - Started process (PID=102) to work on /opt/airflow/dags/Careers_Data_Pipeline.py
[2025-03-15T03:06:49.441+0000] {processor.py:914} INFO - Processing file /opt/airflow/dags/Careers_Data_Pipeline.py for tasks to queue
[2025-03-15T03:06:49.446+0000] {logging_mixin.py:190} INFO - [2025-03-15T03:06:49.445+0000] {dagbag.py:587} INFO - Filling up the DagBag from /opt/airflow/dags/Careers_Data_Pipeline.py
[2025-03-15T03:06:50.755+0000] {processor.py:925} INFO - DAG(s) 'career_analytics_pipeline' retrieved from /opt/airflow/dags/Careers_Data_Pipeline.py
[2025-03-15T03:06:50.801+0000] {logging_mixin.py:190} INFO - [2025-03-15T03:06:50.801+0000] {dag.py:3229} INFO - Sync 1 DAGs
[2025-03-15T03:06:51.004+0000] {logging_mixin.py:190} INFO - [2025-03-15T03:06:51.003+0000] {dag.py:4156} INFO - Setting next_dagrun for career_analytics_pipeline to None, run_after=None
[2025-03-15T03:06:51.029+0000] {processor.py:208} INFO - Processing /opt/airflow/dags/Careers_Data_Pipeline.py took 1.597 seconds
[2025-03-15T03:07:21.198+0000] {processor.py:186} INFO - Started process (PID=116) to work on /opt/airflow/dags/Careers_Data_Pipeline.py
[2025-03-15T03:07:21.199+0000] {processor.py:914} INFO - Processing file /opt/airflow/dags/Careers_Data_Pipeline.py for tasks to queue
[2025-03-15T03:07:21.202+0000] {logging_mixin.py:190} INFO - [2025-03-15T03:07:21.202+0000] {dagbag.py:587} INFO - Filling up the DagBag from /opt/airflow/dags/Careers_Data_Pipeline.py
[2025-03-15T03:07:21.651+0000] {processor.py:925} INFO - DAG(s) 'career_analytics_pipeline' retrieved from /opt/airflow/dags/Careers_Data_Pipeline.py
[2025-03-15T03:07:21.687+0000] {logging_mixin.py:190} INFO - [2025-03-15T03:07:21.686+0000] {dag.py:3229} INFO - Sync 1 DAGs
[2025-03-15T03:07:21.715+0000] {logging_mixin.py:190} INFO - [2025-03-15T03:07:21.715+0000] {dag.py:4156} INFO - Setting next_dagrun for career_analytics_pipeline to None, run_after=None
[2025-03-15T03:07:21.744+0000] {processor.py:208} INFO - Processing /opt/airflow/dags/Careers_Data_Pipeline.py took 0.553 seconds
[2025-03-15T03:07:51.850+0000] {processor.py:186} INFO - Started process (PID=118) to work on /opt/airflow/dags/Careers_Data_Pipeline.py
[2025-03-15T03:07:51.852+0000] {processor.py:914} INFO - Processing file /opt/airflow/dags/Careers_Data_Pipeline.py for tasks to queue
[2025-03-15T03:07:51.856+0000] {logging_mixin.py:190} INFO - [2025-03-15T03:07:51.856+0000] {dagbag.py:587} INFO - Filling up the DagBag from /opt/airflow/dags/Careers_Data_Pipeline.py
[2025-03-15T03:07:52.213+0000] {processor.py:925} INFO - DAG(s) 'career_analytics_pipeline' retrieved from /opt/airflow/dags/Careers_Data_Pipeline.py
[2025-03-15T03:07:52.245+0000] {logging_mixin.py:190} INFO - [2025-03-15T03:07:52.245+0000] {dag.py:3229} INFO - Sync 1 DAGs
[2025-03-15T03:07:52.269+0000] {logging_mixin.py:190} INFO - [2025-03-15T03:07:52.269+0000] {dag.py:4156} INFO - Setting next_dagrun for career_analytics_pipeline to None, run_after=None
[2025-03-15T03:07:52.306+0000] {processor.py:208} INFO - Processing /opt/airflow/dags/Careers_Data_Pipeline.py took 0.465 seconds
[2025-03-15T03:08:22.417+0000] {processor.py:186} INFO - Started process (PID=120) to work on /opt/airflow/dags/Careers_Data_Pipeline.py
[2025-03-15T03:08:22.419+0000] {processor.py:914} INFO - Processing file /opt/airflow/dags/Careers_Data_Pipeline.py for tasks to queue
[2025-03-15T03:08:22.422+0000] {logging_mixin.py:190} INFO - [2025-03-15T03:08:22.421+0000] {dagbag.py:587} INFO - Filling up the DagBag from /opt/airflow/dags/Careers_Data_Pipeline.py
[2025-03-15T03:08:22.799+0000] {processor.py:925} INFO - DAG(s) 'career_analytics_pipeline' retrieved from /opt/airflow/dags/Careers_Data_Pipeline.py
[2025-03-15T03:08:22.835+0000] {logging_mixin.py:190} INFO - [2025-03-15T03:08:22.835+0000] {dag.py:3229} INFO - Sync 1 DAGs
[2025-03-15T03:08:22.988+0000] {logging_mixin.py:190} INFO - [2025-03-15T03:08:22.988+0000] {dag.py:4156} INFO - Setting next_dagrun for career_analytics_pipeline to None, run_after=None
[2025-03-15T03:08:23.010+0000] {processor.py:208} INFO - Processing /opt/airflow/dags/Careers_Data_Pipeline.py took 0.599 seconds
[2025-03-15T03:08:53.415+0000] {processor.py:186} INFO - Started process (PID=122) to work on /opt/airflow/dags/Careers_Data_Pipeline.py
[2025-03-15T03:08:53.416+0000] {processor.py:914} INFO - Processing file /opt/airflow/dags/Careers_Data_Pipeline.py for tasks to queue
[2025-03-15T03:08:53.420+0000] {logging_mixin.py:190} INFO - [2025-03-15T03:08:53.419+0000] {dagbag.py:587} INFO - Filling up the DagBag from /opt/airflow/dags/Careers_Data_Pipeline.py
[2025-03-15T03:08:53.747+0000] {processor.py:925} INFO - DAG(s) 'career_analytics_pipeline' retrieved from /opt/airflow/dags/Careers_Data_Pipeline.py
[2025-03-15T03:08:53.779+0000] {logging_mixin.py:190} INFO - [2025-03-15T03:08:53.779+0000] {dag.py:3229} INFO - Sync 1 DAGs
[2025-03-15T03:08:53.803+0000] {logging_mixin.py:190} INFO - [2025-03-15T03:08:53.802+0000] {dag.py:4156} INFO - Setting next_dagrun for career_analytics_pipeline to None, run_after=None
[2025-03-15T03:08:53.837+0000] {processor.py:208} INFO - Processing /opt/airflow/dags/Careers_Data_Pipeline.py took 0.430 seconds
[2025-03-15T03:09:24.190+0000] {processor.py:186} INFO - Started process (PID=124) to work on /opt/airflow/dags/Careers_Data_Pipeline.py
[2025-03-15T03:09:24.192+0000] {processor.py:914} INFO - Processing file /opt/airflow/dags/Careers_Data_Pipeline.py for tasks to queue
[2025-03-15T03:09:24.195+0000] {logging_mixin.py:190} INFO - [2025-03-15T03:09:24.194+0000] {dagbag.py:587} INFO - Filling up the DagBag from /opt/airflow/dags/Careers_Data_Pipeline.py
[2025-03-15T03:09:24.546+0000] {processor.py:925} INFO - DAG(s) 'career_analytics_pipeline' retrieved from /opt/airflow/dags/Careers_Data_Pipeline.py
[2025-03-15T03:09:24.576+0000] {logging_mixin.py:190} INFO - [2025-03-15T03:09:24.575+0000] {dag.py:3229} INFO - Sync 1 DAGs
[2025-03-15T03:09:24.597+0000] {logging_mixin.py:190} INFO - [2025-03-15T03:09:24.597+0000] {dag.py:4156} INFO - Setting next_dagrun for career_analytics_pipeline to 2025-02-22 00:00:00+00:00, run_after=2025-02-22 00:00:00+00:00
[2025-03-15T03:09:24.626+0000] {processor.py:208} INFO - Processing /opt/airflow/dags/Careers_Data_Pipeline.py took 0.444 seconds
[2025-03-15T03:09:54.980+0000] {processor.py:186} INFO - Started process (PID=126) to work on /opt/airflow/dags/Careers_Data_Pipeline.py
[2025-03-15T03:09:54.982+0000] {processor.py:914} INFO - Processing file /opt/airflow/dags/Careers_Data_Pipeline.py for tasks to queue
[2025-03-15T03:09:54.986+0000] {logging_mixin.py:190} INFO - [2025-03-15T03:09:54.986+0000] {dagbag.py:587} INFO - Filling up the DagBag from /opt/airflow/dags/Careers_Data_Pipeline.py
[2025-03-15T03:09:55.391+0000] {processor.py:925} INFO - DAG(s) 'career_analytics_pipeline' retrieved from /opt/airflow/dags/Careers_Data_Pipeline.py
[2025-03-15T03:09:55.431+0000] {logging_mixin.py:190} INFO - [2025-03-15T03:09:55.431+0000] {dag.py:3229} INFO - Sync 1 DAGs
[2025-03-15T03:09:55.615+0000] {logging_mixin.py:190} INFO - [2025-03-15T03:09:55.615+0000] {dag.py:4156} INFO - Setting next_dagrun for career_analytics_pipeline to None, run_after=None
[2025-03-15T03:09:55.651+0000] {processor.py:208} INFO - Processing /opt/airflow/dags/Careers_Data_Pipeline.py took 0.680 seconds
[2025-03-15T03:10:25.878+0000] {processor.py:186} INFO - Started process (PID=128) to work on /opt/airflow/dags/Careers_Data_Pipeline.py
[2025-03-15T03:10:25.879+0000] {processor.py:914} INFO - Processing file /opt/airflow/dags/Careers_Data_Pipeline.py for tasks to queue
[2025-03-15T03:10:25.882+0000] {logging_mixin.py:190} INFO - [2025-03-15T03:10:25.882+0000] {dagbag.py:587} INFO - Filling up the DagBag from /opt/airflow/dags/Careers_Data_Pipeline.py
[2025-03-15T03:10:26.224+0000] {processor.py:925} INFO - DAG(s) 'career_analytics_pipeline' retrieved from /opt/airflow/dags/Careers_Data_Pipeline.py
[2025-03-15T03:10:26.374+0000] {logging_mixin.py:190} INFO - [2025-03-15T03:10:26.374+0000] {dag.py:3229} INFO - Sync 1 DAGs
[2025-03-15T03:10:26.395+0000] {logging_mixin.py:190} INFO - [2025-03-15T03:10:26.395+0000] {dag.py:4156} INFO - Setting next_dagrun for career_analytics_pipeline to None, run_after=None
[2025-03-15T03:10:26.417+0000] {processor.py:208} INFO - Processing /opt/airflow/dags/Careers_Data_Pipeline.py took 0.545 seconds
[2025-03-15T03:10:56.809+0000] {processor.py:186} INFO - Started process (PID=130) to work on /opt/airflow/dags/Careers_Data_Pipeline.py
[2025-03-15T03:10:56.811+0000] {processor.py:914} INFO - Processing file /opt/airflow/dags/Careers_Data_Pipeline.py for tasks to queue
[2025-03-15T03:10:56.815+0000] {logging_mixin.py:190} INFO - [2025-03-15T03:10:56.814+0000] {dagbag.py:587} INFO - Filling up the DagBag from /opt/airflow/dags/Careers_Data_Pipeline.py
[2025-03-15T03:10:57.164+0000] {processor.py:925} INFO - DAG(s) 'career_analytics_pipeline' retrieved from /opt/airflow/dags/Careers_Data_Pipeline.py
[2025-03-15T03:10:57.197+0000] {logging_mixin.py:190} INFO - [2025-03-15T03:10:57.196+0000] {dag.py:3229} INFO - Sync 1 DAGs
[2025-03-15T03:10:57.219+0000] {logging_mixin.py:190} INFO - [2025-03-15T03:10:57.219+0000] {dag.py:4156} INFO - Setting next_dagrun for career_analytics_pipeline to None, run_after=None
[2025-03-15T03:10:57.252+0000] {processor.py:208} INFO - Processing /opt/airflow/dags/Careers_Data_Pipeline.py took 0.450 seconds
[2025-03-15T03:11:27.652+0000] {processor.py:186} INFO - Started process (PID=132) to work on /opt/airflow/dags/Careers_Data_Pipeline.py
[2025-03-15T03:11:27.653+0000] {processor.py:914} INFO - Processing file /opt/airflow/dags/Careers_Data_Pipeline.py for tasks to queue
[2025-03-15T03:11:27.656+0000] {logging_mixin.py:190} INFO - [2025-03-15T03:11:27.656+0000] {dagbag.py:587} INFO - Filling up the DagBag from /opt/airflow/dags/Careers_Data_Pipeline.py
[2025-03-15T03:11:28.017+0000] {processor.py:925} INFO - DAG(s) 'career_analytics_pipeline' retrieved from /opt/airflow/dags/Careers_Data_Pipeline.py
[2025-03-15T03:11:28.047+0000] {logging_mixin.py:190} INFO - [2025-03-15T03:11:28.047+0000] {dag.py:3229} INFO - Sync 1 DAGs
[2025-03-15T03:11:28.226+0000] {logging_mixin.py:190} INFO - [2025-03-15T03:11:28.226+0000] {dag.py:4156} INFO - Setting next_dagrun for career_analytics_pipeline to None, run_after=None
[2025-03-15T03:11:28.258+0000] {processor.py:208} INFO - Processing /opt/airflow/dags/Careers_Data_Pipeline.py took 0.614 seconds
[2025-03-15T03:11:58.659+0000] {processor.py:186} INFO - Started process (PID=134) to work on /opt/airflow/dags/Careers_Data_Pipeline.py
[2025-03-15T03:11:58.662+0000] {processor.py:914} INFO - Processing file /opt/airflow/dags/Careers_Data_Pipeline.py for tasks to queue
[2025-03-15T03:11:58.667+0000] {logging_mixin.py:190} INFO - [2025-03-15T03:11:58.666+0000] {dagbag.py:587} INFO - Filling up the DagBag from /opt/airflow/dags/Careers_Data_Pipeline.py
[2025-03-15T03:11:59.330+0000] {processor.py:925} INFO - DAG(s) 'career_analytics_pipeline' retrieved from /opt/airflow/dags/Careers_Data_Pipeline.py
[2025-03-15T03:11:59.606+0000] {logging_mixin.py:190} INFO - [2025-03-15T03:11:59.605+0000] {dag.py:3229} INFO - Sync 1 DAGs
[2025-03-15T03:11:59.640+0000] {logging_mixin.py:190} INFO - [2025-03-15T03:11:59.640+0000] {dag.py:4156} INFO - Setting next_dagrun for career_analytics_pipeline to None, run_after=None
[2025-03-15T03:11:59.685+0000] {processor.py:208} INFO - Processing /opt/airflow/dags/Careers_Data_Pipeline.py took 1.037 seconds
[2025-03-15T03:12:30.023+0000] {processor.py:186} INFO - Started process (PID=136) to work on /opt/airflow/dags/Careers_Data_Pipeline.py
[2025-03-15T03:12:30.024+0000] {processor.py:914} INFO - Processing file /opt/airflow/dags/Careers_Data_Pipeline.py for tasks to queue
[2025-03-15T03:12:30.027+0000] {logging_mixin.py:190} INFO - [2025-03-15T03:12:30.027+0000] {dagbag.py:587} INFO - Filling up the DagBag from /opt/airflow/dags/Careers_Data_Pipeline.py
[2025-03-15T03:12:30.370+0000] {processor.py:925} INFO - DAG(s) 'career_analytics_pipeline' retrieved from /opt/airflow/dags/Careers_Data_Pipeline.py
[2025-03-15T03:12:30.402+0000] {logging_mixin.py:190} INFO - [2025-03-15T03:12:30.401+0000] {dag.py:3229} INFO - Sync 1 DAGs
[2025-03-15T03:12:30.424+0000] {logging_mixin.py:190} INFO - [2025-03-15T03:12:30.423+0000] {dag.py:4156} INFO - Setting next_dagrun for career_analytics_pipeline to None, run_after=None
[2025-03-15T03:12:30.455+0000] {processor.py:208} INFO - Processing /opt/airflow/dags/Careers_Data_Pipeline.py took 0.438 seconds
[2025-03-15T03:13:00.888+0000] {processor.py:186} INFO - Started process (PID=138) to work on /opt/airflow/dags/Careers_Data_Pipeline.py
[2025-03-15T03:13:00.890+0000] {processor.py:914} INFO - Processing file /opt/airflow/dags/Careers_Data_Pipeline.py for tasks to queue
[2025-03-15T03:13:00.893+0000] {logging_mixin.py:190} INFO - [2025-03-15T03:13:00.892+0000] {dagbag.py:587} INFO - Filling up the DagBag from /opt/airflow/dags/Careers_Data_Pipeline.py
[2025-03-15T03:13:01.250+0000] {processor.py:925} INFO - DAG(s) 'career_analytics_pipeline' retrieved from /opt/airflow/dags/Careers_Data_Pipeline.py
[2025-03-15T03:13:01.283+0000] {logging_mixin.py:190} INFO - [2025-03-15T03:13:01.282+0000] {dag.py:3229} INFO - Sync 1 DAGs
[2025-03-15T03:13:01.428+0000] {logging_mixin.py:190} INFO - [2025-03-15T03:13:01.428+0000] {dag.py:4156} INFO - Setting next_dagrun for career_analytics_pipeline to None, run_after=None
[2025-03-15T03:13:01.461+0000] {processor.py:208} INFO - Processing /opt/airflow/dags/Careers_Data_Pipeline.py took 0.580 seconds
[2025-03-15T03:13:31.803+0000] {processor.py:186} INFO - Started process (PID=140) to work on /opt/airflow/dags/Careers_Data_Pipeline.py
[2025-03-15T03:13:31.804+0000] {processor.py:914} INFO - Processing file /opt/airflow/dags/Careers_Data_Pipeline.py for tasks to queue
[2025-03-15T03:13:31.808+0000] {logging_mixin.py:190} INFO - [2025-03-15T03:13:31.807+0000] {dagbag.py:587} INFO - Filling up the DagBag from /opt/airflow/dags/Careers_Data_Pipeline.py
[2025-03-15T03:13:32.275+0000] {processor.py:925} INFO - DAG(s) 'career_analytics_pipeline' retrieved from /opt/airflow/dags/Careers_Data_Pipeline.py
[2025-03-15T03:13:32.444+0000] {logging_mixin.py:190} INFO - [2025-03-15T03:13:32.443+0000] {dag.py:3229} INFO - Sync 1 DAGs
[2025-03-15T03:13:32.473+0000] {logging_mixin.py:190} INFO - [2025-03-15T03:13:32.473+0000] {dag.py:4156} INFO - Setting next_dagrun for career_analytics_pipeline to None, run_after=None
[2025-03-15T03:13:32.505+0000] {processor.py:208} INFO - Processing /opt/airflow/dags/Careers_Data_Pipeline.py took 0.709 seconds
[2025-03-15T03:14:02.890+0000] {processor.py:186} INFO - Started process (PID=142) to work on /opt/airflow/dags/Careers_Data_Pipeline.py
[2025-03-15T03:14:02.903+0000] {processor.py:914} INFO - Processing file /opt/airflow/dags/Careers_Data_Pipeline.py for tasks to queue
[2025-03-15T03:14:02.906+0000] {logging_mixin.py:190} INFO - [2025-03-15T03:14:02.906+0000] {dagbag.py:587} INFO - Filling up the DagBag from /opt/airflow/dags/Careers_Data_Pipeline.py
[2025-03-15T03:14:03.396+0000] {processor.py:925} INFO - DAG(s) 'career_analytics_pipeline' retrieved from /opt/airflow/dags/Careers_Data_Pipeline.py
[2025-03-15T03:14:03.427+0000] {logging_mixin.py:190} INFO - [2025-03-15T03:14:03.427+0000] {dag.py:3229} INFO - Sync 1 DAGs
[2025-03-15T03:14:03.452+0000] {logging_mixin.py:190} INFO - [2025-03-15T03:14:03.451+0000] {dag.py:4156} INFO - Setting next_dagrun for career_analytics_pipeline to None, run_after=None
[2025-03-15T03:14:03.488+0000] {processor.py:208} INFO - Processing /opt/airflow/dags/Careers_Data_Pipeline.py took 0.605 seconds
[2025-03-15T03:14:33.548+0000] {processor.py:186} INFO - Started process (PID=144) to work on /opt/airflow/dags/Careers_Data_Pipeline.py
[2025-03-15T03:14:33.550+0000] {processor.py:914} INFO - Processing file /opt/airflow/dags/Careers_Data_Pipeline.py for tasks to queue
[2025-03-15T03:14:33.553+0000] {logging_mixin.py:190} INFO - [2025-03-15T03:14:33.553+0000] {dagbag.py:587} INFO - Filling up the DagBag from /opt/airflow/dags/Careers_Data_Pipeline.py
[2025-03-15T03:14:33.879+0000] {processor.py:925} INFO - DAG(s) 'career_analytics_pipeline' retrieved from /opt/airflow/dags/Careers_Data_Pipeline.py
[2025-03-15T03:14:33.907+0000] {logging_mixin.py:190} INFO - [2025-03-15T03:14:33.907+0000] {dag.py:3229} INFO - Sync 1 DAGs
[2025-03-15T03:14:34.071+0000] {logging_mixin.py:190} INFO - [2025-03-15T03:14:34.071+0000] {dag.py:4156} INFO - Setting next_dagrun for career_analytics_pipeline to None, run_after=None
[2025-03-15T03:14:34.106+0000] {processor.py:208} INFO - Processing /opt/airflow/dags/Careers_Data_Pipeline.py took 0.564 seconds
[2025-03-15T03:15:04.464+0000] {processor.py:186} INFO - Started process (PID=146) to work on /opt/airflow/dags/Careers_Data_Pipeline.py
[2025-03-15T03:15:04.473+0000] {processor.py:914} INFO - Processing file /opt/airflow/dags/Careers_Data_Pipeline.py for tasks to queue
[2025-03-15T03:15:04.486+0000] {logging_mixin.py:190} INFO - [2025-03-15T03:15:04.484+0000] {dagbag.py:587} INFO - Filling up the DagBag from /opt/airflow/dags/Careers_Data_Pipeline.py
[2025-03-15T03:15:05.527+0000] {processor.py:925} INFO - DAG(s) 'career_analytics_pipeline' retrieved from /opt/airflow/dags/Careers_Data_Pipeline.py
[2025-03-15T03:15:05.933+0000] {logging_mixin.py:190} INFO - [2025-03-15T03:15:05.932+0000] {dag.py:3229} INFO - Sync 1 DAGs
[2025-03-15T03:15:06.010+0000] {logging_mixin.py:190} INFO - [2025-03-15T03:15:06.009+0000] {dag.py:4156} INFO - Setting next_dagrun for career_analytics_pipeline to None, run_after=None
[2025-03-15T03:15:06.064+0000] {processor.py:208} INFO - Processing /opt/airflow/dags/Careers_Data_Pipeline.py took 1.636 seconds
[2025-03-15T03:15:36.472+0000] {processor.py:186} INFO - Started process (PID=148) to work on /opt/airflow/dags/Careers_Data_Pipeline.py
[2025-03-15T03:15:36.473+0000] {processor.py:914} INFO - Processing file /opt/airflow/dags/Careers_Data_Pipeline.py for tasks to queue
[2025-03-15T03:15:36.477+0000] {logging_mixin.py:190} INFO - [2025-03-15T03:15:36.477+0000] {dagbag.py:587} INFO - Filling up the DagBag from /opt/airflow/dags/Careers_Data_Pipeline.py
[2025-03-15T03:15:36.836+0000] {processor.py:925} INFO - DAG(s) 'career_analytics_pipeline' retrieved from /opt/airflow/dags/Careers_Data_Pipeline.py
[2025-03-15T03:15:36.868+0000] {logging_mixin.py:190} INFO - [2025-03-15T03:15:36.868+0000] {dag.py:3229} INFO - Sync 1 DAGs
[2025-03-15T03:15:36.893+0000] {logging_mixin.py:190} INFO - [2025-03-15T03:15:36.893+0000] {dag.py:4156} INFO - Setting next_dagrun for career_analytics_pipeline to None, run_after=None
[2025-03-15T03:15:36.928+0000] {processor.py:208} INFO - Processing /opt/airflow/dags/Careers_Data_Pipeline.py took 0.463 seconds
[2025-03-15T03:16:07.411+0000] {processor.py:186} INFO - Started process (PID=150) to work on /opt/airflow/dags/Careers_Data_Pipeline.py
[2025-03-15T03:16:07.412+0000] {processor.py:914} INFO - Processing file /opt/airflow/dags/Careers_Data_Pipeline.py for tasks to queue
[2025-03-15T03:16:07.417+0000] {logging_mixin.py:190} INFO - [2025-03-15T03:16:07.416+0000] {dagbag.py:587} INFO - Filling up the DagBag from /opt/airflow/dags/Careers_Data_Pipeline.py
[2025-03-15T03:16:08.012+0000] {processor.py:925} INFO - DAG(s) 'career_analytics_pipeline' retrieved from /opt/airflow/dags/Careers_Data_Pipeline.py
[2025-03-15T03:16:08.065+0000] {logging_mixin.py:190} INFO - [2025-03-15T03:16:08.064+0000] {dag.py:3229} INFO - Sync 1 DAGs
[2025-03-15T03:16:08.361+0000] {logging_mixin.py:190} INFO - [2025-03-15T03:16:08.361+0000] {dag.py:4156} INFO - Setting next_dagrun for career_analytics_pipeline to None, run_after=None
[2025-03-15T03:16:08.411+0000] {processor.py:208} INFO - Processing /opt/airflow/dags/Careers_Data_Pipeline.py took 1.009 seconds
[2025-03-15T03:16:38.895+0000] {processor.py:186} INFO - Started process (PID=152) to work on /opt/airflow/dags/Careers_Data_Pipeline.py
[2025-03-15T03:16:38.897+0000] {processor.py:914} INFO - Processing file /opt/airflow/dags/Careers_Data_Pipeline.py for tasks to queue
[2025-03-15T03:16:38.900+0000] {logging_mixin.py:190} INFO - [2025-03-15T03:16:38.899+0000] {dagbag.py:587} INFO - Filling up the DagBag from /opt/airflow/dags/Careers_Data_Pipeline.py
[2025-03-15T03:16:39.562+0000] {processor.py:925} INFO - DAG(s) 'career_analytics_pipeline' retrieved from /opt/airflow/dags/Careers_Data_Pipeline.py
[2025-03-15T03:16:39.830+0000] {logging_mixin.py:190} INFO - [2025-03-15T03:16:39.829+0000] {dag.py:3229} INFO - Sync 1 DAGs
[2025-03-15T03:16:39.857+0000] {logging_mixin.py:190} INFO - [2025-03-15T03:16:39.857+0000] {dag.py:4156} INFO - Setting next_dagrun for career_analytics_pipeline to None, run_after=None
[2025-03-15T03:16:39.898+0000] {processor.py:208} INFO - Processing /opt/airflow/dags/Careers_Data_Pipeline.py took 1.009 seconds
[2025-03-15T03:17:10.246+0000] {processor.py:186} INFO - Started process (PID=154) to work on /opt/airflow/dags/Careers_Data_Pipeline.py
[2025-03-15T03:17:10.247+0000] {processor.py:914} INFO - Processing file /opt/airflow/dags/Careers_Data_Pipeline.py for tasks to queue
[2025-03-15T03:17:10.253+0000] {logging_mixin.py:190} INFO - [2025-03-15T03:17:10.252+0000] {dagbag.py:587} INFO - Filling up the DagBag from /opt/airflow/dags/Careers_Data_Pipeline.py
[2025-03-15T03:17:10.864+0000] {processor.py:925} INFO - DAG(s) 'career_analytics_pipeline' retrieved from /opt/airflow/dags/Careers_Data_Pipeline.py
[2025-03-15T03:17:10.910+0000] {logging_mixin.py:190} INFO - [2025-03-15T03:17:10.909+0000] {dag.py:3229} INFO - Sync 1 DAGs
[2025-03-15T03:17:10.944+0000] {logging_mixin.py:190} INFO - [2025-03-15T03:17:10.943+0000] {dag.py:4156} INFO - Setting next_dagrun for career_analytics_pipeline to None, run_after=None
[2025-03-15T03:17:10.984+0000] {processor.py:208} INFO - Processing /opt/airflow/dags/Careers_Data_Pipeline.py took 0.747 seconds
[2025-03-15T03:17:41.390+0000] {processor.py:186} INFO - Started process (PID=156) to work on /opt/airflow/dags/Careers_Data_Pipeline.py
[2025-03-15T03:17:41.391+0000] {processor.py:914} INFO - Processing file /opt/airflow/dags/Careers_Data_Pipeline.py for tasks to queue
[2025-03-15T03:17:41.395+0000] {logging_mixin.py:190} INFO - [2025-03-15T03:17:41.394+0000] {dagbag.py:587} INFO - Filling up the DagBag from /opt/airflow/dags/Careers_Data_Pipeline.py
[2025-03-15T03:17:41.769+0000] {processor.py:925} INFO - DAG(s) 'career_analytics_pipeline' retrieved from /opt/airflow/dags/Careers_Data_Pipeline.py
[2025-03-15T03:17:41.799+0000] {logging_mixin.py:190} INFO - [2025-03-15T03:17:41.799+0000] {dag.py:3229} INFO - Sync 1 DAGs
[2025-03-15T03:17:41.950+0000] {logging_mixin.py:190} INFO - [2025-03-15T03:17:41.949+0000] {dag.py:4156} INFO - Setting next_dagrun for career_analytics_pipeline to None, run_after=None
[2025-03-15T03:17:41.973+0000] {processor.py:208} INFO - Processing /opt/airflow/dags/Careers_Data_Pipeline.py took 0.591 seconds
[2025-03-15T03:18:12.430+0000] {processor.py:186} INFO - Started process (PID=158) to work on /opt/airflow/dags/Careers_Data_Pipeline.py
[2025-03-15T03:18:12.432+0000] {processor.py:914} INFO - Processing file /opt/airflow/dags/Careers_Data_Pipeline.py for tasks to queue
[2025-03-15T03:18:12.435+0000] {logging_mixin.py:190} INFO - [2025-03-15T03:18:12.435+0000] {dagbag.py:587} INFO - Filling up the DagBag from /opt/airflow/dags/Careers_Data_Pipeline.py
[2025-03-15T03:18:12.832+0000] {processor.py:925} INFO - DAG(s) 'career_analytics_pipeline' retrieved from /opt/airflow/dags/Careers_Data_Pipeline.py
[2025-03-15T03:18:13.033+0000] {logging_mixin.py:190} INFO - [2025-03-15T03:18:13.033+0000] {dag.py:3229} INFO - Sync 1 DAGs
[2025-03-15T03:18:13.056+0000] {logging_mixin.py:190} INFO - [2025-03-15T03:18:13.056+0000] {dag.py:4156} INFO - Setting next_dagrun for career_analytics_pipeline to None, run_after=None
[2025-03-15T03:18:13.092+0000] {processor.py:208} INFO - Processing /opt/airflow/dags/Careers_Data_Pipeline.py took 0.669 seconds
[2025-03-15T03:18:43.212+0000] {processor.py:186} INFO - Started process (PID=160) to work on /opt/airflow/dags/Careers_Data_Pipeline.py
[2025-03-15T03:18:43.213+0000] {processor.py:914} INFO - Processing file /opt/airflow/dags/Careers_Data_Pipeline.py for tasks to queue
[2025-03-15T03:18:43.216+0000] {logging_mixin.py:190} INFO - [2025-03-15T03:18:43.216+0000] {dagbag.py:587} INFO - Filling up the DagBag from /opt/airflow/dags/Careers_Data_Pipeline.py
[2025-03-15T03:18:43.620+0000] {processor.py:925} INFO - DAG(s) 'career_analytics_pipeline' retrieved from /opt/airflow/dags/Careers_Data_Pipeline.py
[2025-03-15T03:18:43.653+0000] {logging_mixin.py:190} INFO - [2025-03-15T03:18:43.653+0000] {dag.py:3229} INFO - Sync 1 DAGs
[2025-03-15T03:18:43.679+0000] {logging_mixin.py:190} INFO - [2025-03-15T03:18:43.679+0000] {dag.py:4156} INFO - Setting next_dagrun for career_analytics_pipeline to None, run_after=None
[2025-03-15T03:18:43.711+0000] {processor.py:208} INFO - Processing /opt/airflow/dags/Careers_Data_Pipeline.py took 0.510 seconds
[2025-03-15T03:19:13.923+0000] {processor.py:186} INFO - Started process (PID=162) to work on /opt/airflow/dags/Careers_Data_Pipeline.py
[2025-03-15T03:19:13.924+0000] {processor.py:914} INFO - Processing file /opt/airflow/dags/Careers_Data_Pipeline.py for tasks to queue
[2025-03-15T03:19:13.928+0000] {logging_mixin.py:190} INFO - [2025-03-15T03:19:13.928+0000] {dagbag.py:587} INFO - Filling up the DagBag from /opt/airflow/dags/Careers_Data_Pipeline.py
[2025-03-15T03:19:14.324+0000] {processor.py:925} INFO - DAG(s) 'career_analytics_pipeline' retrieved from /opt/airflow/dags/Careers_Data_Pipeline.py
[2025-03-15T03:19:14.358+0000] {logging_mixin.py:190} INFO - [2025-03-15T03:19:14.357+0000] {dag.py:3229} INFO - Sync 1 DAGs
[2025-03-15T03:19:14.536+0000] {logging_mixin.py:190} INFO - [2025-03-15T03:19:14.536+0000] {dag.py:4156} INFO - Setting next_dagrun for career_analytics_pipeline to None, run_after=None
[2025-03-15T03:19:14.569+0000] {processor.py:208} INFO - Processing /opt/airflow/dags/Careers_Data_Pipeline.py took 0.653 seconds
[2025-03-15T03:19:44.947+0000] {processor.py:186} INFO - Started process (PID=164) to work on /opt/airflow/dags/Careers_Data_Pipeline.py
[2025-03-15T03:19:44.948+0000] {processor.py:914} INFO - Processing file /opt/airflow/dags/Careers_Data_Pipeline.py for tasks to queue
[2025-03-15T03:19:44.952+0000] {logging_mixin.py:190} INFO - [2025-03-15T03:19:44.951+0000] {dagbag.py:587} INFO - Filling up the DagBag from /opt/airflow/dags/Careers_Data_Pipeline.py
[2025-03-15T03:19:45.375+0000] {processor.py:925} INFO - DAG(s) 'career_analytics_pipeline' retrieved from /opt/airflow/dags/Careers_Data_Pipeline.py
[2025-03-15T03:19:45.555+0000] {logging_mixin.py:190} INFO - [2025-03-15T03:19:45.554+0000] {dag.py:3229} INFO - Sync 1 DAGs
[2025-03-15T03:19:45.576+0000] {logging_mixin.py:190} INFO - [2025-03-15T03:19:45.576+0000] {dag.py:4156} INFO - Setting next_dagrun for career_analytics_pipeline to None, run_after=None
[2025-03-15T03:19:45.610+0000] {processor.py:208} INFO - Processing /opt/airflow/dags/Careers_Data_Pipeline.py took 0.671 seconds
[2025-03-15T03:20:15.732+0000] {processor.py:186} INFO - Started process (PID=166) to work on /opt/airflow/dags/Careers_Data_Pipeline.py
[2025-03-15T03:20:15.734+0000] {processor.py:914} INFO - Processing file /opt/airflow/dags/Careers_Data_Pipeline.py for tasks to queue
[2025-03-15T03:20:15.737+0000] {logging_mixin.py:190} INFO - [2025-03-15T03:20:15.737+0000] {dagbag.py:587} INFO - Filling up the DagBag from /opt/airflow/dags/Careers_Data_Pipeline.py
[2025-03-15T03:20:16.072+0000] {processor.py:925} INFO - DAG(s) 'career_analytics_pipeline' retrieved from /opt/airflow/dags/Careers_Data_Pipeline.py
[2025-03-15T03:20:16.102+0000] {logging_mixin.py:190} INFO - [2025-03-15T03:20:16.101+0000] {dag.py:3229} INFO - Sync 1 DAGs
[2025-03-15T03:20:16.124+0000] {logging_mixin.py:190} INFO - [2025-03-15T03:20:16.124+0000] {dag.py:4156} INFO - Setting next_dagrun for career_analytics_pipeline to None, run_after=None
[2025-03-15T03:20:16.158+0000] {processor.py:208} INFO - Processing /opt/airflow/dags/Careers_Data_Pipeline.py took 0.433 seconds
[2025-03-15T03:20:46.335+0000] {processor.py:186} INFO - Started process (PID=168) to work on /opt/airflow/dags/Careers_Data_Pipeline.py
[2025-03-15T03:20:46.337+0000] {processor.py:914} INFO - Processing file /opt/airflow/dags/Careers_Data_Pipeline.py for tasks to queue
[2025-03-15T03:20:46.343+0000] {logging_mixin.py:190} INFO - [2025-03-15T03:20:46.342+0000] {dagbag.py:587} INFO - Filling up the DagBag from /opt/airflow/dags/Careers_Data_Pipeline.py
[2025-03-15T03:20:47.083+0000] {processor.py:925} INFO - DAG(s) 'career_analytics_pipeline' retrieved from /opt/airflow/dags/Careers_Data_Pipeline.py
[2025-03-15T03:20:47.136+0000] {logging_mixin.py:190} INFO - [2025-03-15T03:20:47.134+0000] {dag.py:3229} INFO - Sync 1 DAGs
[2025-03-15T03:20:47.380+0000] {logging_mixin.py:190} INFO - [2025-03-15T03:20:47.380+0000] {dag.py:4156} INFO - Setting next_dagrun for career_analytics_pipeline to None, run_after=None
[2025-03-15T03:20:47.405+0000] {processor.py:208} INFO - Processing /opt/airflow/dags/Careers_Data_Pipeline.py took 1.081 seconds
[2025-03-15T03:21:17.803+0000] {processor.py:186} INFO - Started process (PID=170) to work on /opt/airflow/dags/Careers_Data_Pipeline.py
[2025-03-15T03:21:17.807+0000] {processor.py:914} INFO - Processing file /opt/airflow/dags/Careers_Data_Pipeline.py for tasks to queue
[2025-03-15T03:21:17.817+0000] {logging_mixin.py:190} INFO - [2025-03-15T03:21:17.814+0000] {dagbag.py:587} INFO - Filling up the DagBag from /opt/airflow/dags/Careers_Data_Pipeline.py
[2025-03-15T03:21:18.347+0000] {processor.py:925} INFO - DAG(s) 'career_analytics_pipeline' retrieved from /opt/airflow/dags/Careers_Data_Pipeline.py
[2025-03-15T03:21:18.543+0000] {logging_mixin.py:190} INFO - [2025-03-15T03:21:18.542+0000] {dag.py:3229} INFO - Sync 1 DAGs
[2025-03-15T03:21:18.569+0000] {logging_mixin.py:190} INFO - [2025-03-15T03:21:18.569+0000] {dag.py:4156} INFO - Setting next_dagrun for career_analytics_pipeline to None, run_after=None
[2025-03-15T03:21:18.604+0000] {processor.py:208} INFO - Processing /opt/airflow/dags/Careers_Data_Pipeline.py took 0.837 seconds
[2025-03-15T03:21:48.991+0000] {processor.py:186} INFO - Started process (PID=172) to work on /opt/airflow/dags/Careers_Data_Pipeline.py
[2025-03-15T03:21:48.993+0000] {processor.py:914} INFO - Processing file /opt/airflow/dags/Careers_Data_Pipeline.py for tasks to queue
[2025-03-15T03:21:48.996+0000] {logging_mixin.py:190} INFO - [2025-03-15T03:21:48.995+0000] {dagbag.py:587} INFO - Filling up the DagBag from /opt/airflow/dags/Careers_Data_Pipeline.py
[2025-03-15T03:21:49.341+0000] {processor.py:925} INFO - DAG(s) 'career_analytics_pipeline' retrieved from /opt/airflow/dags/Careers_Data_Pipeline.py
[2025-03-15T03:21:49.373+0000] {logging_mixin.py:190} INFO - [2025-03-15T03:21:49.372+0000] {dag.py:3229} INFO - Sync 1 DAGs
[2025-03-15T03:21:49.405+0000] {logging_mixin.py:190} INFO - [2025-03-15T03:21:49.405+0000] {dag.py:4156} INFO - Setting next_dagrun for career_analytics_pipeline to None, run_after=None
[2025-03-15T03:21:49.435+0000] {processor.py:208} INFO - Processing /opt/airflow/dags/Careers_Data_Pipeline.py took 0.450 seconds
[2025-03-15T03:22:19.922+0000] {processor.py:186} INFO - Started process (PID=174) to work on /opt/airflow/dags/Careers_Data_Pipeline.py
[2025-03-15T03:22:19.925+0000] {processor.py:914} INFO - Processing file /opt/airflow/dags/Careers_Data_Pipeline.py for tasks to queue
[2025-03-15T03:22:19.930+0000] {logging_mixin.py:190} INFO - [2025-03-15T03:22:19.929+0000] {dagbag.py:587} INFO - Filling up the DagBag from /opt/airflow/dags/Careers_Data_Pipeline.py
[2025-03-15T03:22:20.409+0000] {processor.py:925} INFO - DAG(s) 'career_analytics_pipeline' retrieved from /opt/airflow/dags/Careers_Data_Pipeline.py
[2025-03-15T03:22:20.452+0000] {logging_mixin.py:190} INFO - [2025-03-15T03:22:20.452+0000] {dag.py:3229} INFO - Sync 1 DAGs
[2025-03-15T03:22:20.649+0000] {logging_mixin.py:190} INFO - [2025-03-15T03:22:20.649+0000] {dag.py:4156} INFO - Setting next_dagrun for career_analytics_pipeline to None, run_after=None
[2025-03-15T03:22:20.715+0000] {processor.py:208} INFO - Processing /opt/airflow/dags/Careers_Data_Pipeline.py took 0.809 seconds
[2025-03-15T03:22:51.117+0000] {processor.py:186} INFO - Started process (PID=176) to work on /opt/airflow/dags/Careers_Data_Pipeline.py
[2025-03-15T03:22:51.120+0000] {processor.py:914} INFO - Processing file /opt/airflow/dags/Careers_Data_Pipeline.py for tasks to queue
[2025-03-15T03:22:51.124+0000] {logging_mixin.py:190} INFO - [2025-03-15T03:22:51.124+0000] {dagbag.py:587} INFO - Filling up the DagBag from /opt/airflow/dags/Careers_Data_Pipeline.py
[2025-03-15T03:22:51.641+0000] {processor.py:925} INFO - DAG(s) 'career_analytics_pipeline' retrieved from /opt/airflow/dags/Careers_Data_Pipeline.py
[2025-03-15T03:22:51.956+0000] {logging_mixin.py:190} INFO - [2025-03-15T03:22:51.956+0000] {dag.py:3229} INFO - Sync 1 DAGs
[2025-03-15T03:22:51.990+0000] {logging_mixin.py:190} INFO - [2025-03-15T03:22:51.989+0000] {dag.py:4156} INFO - Setting next_dagrun for career_analytics_pipeline to None, run_after=None
[2025-03-15T03:22:52.027+0000] {processor.py:208} INFO - Processing /opt/airflow/dags/Careers_Data_Pipeline.py took 0.921 seconds
[2025-03-15T03:23:22.115+0000] {processor.py:186} INFO - Started process (PID=178) to work on /opt/airflow/dags/Careers_Data_Pipeline.py
[2025-03-15T03:23:22.117+0000] {processor.py:914} INFO - Processing file /opt/airflow/dags/Careers_Data_Pipeline.py for tasks to queue
[2025-03-15T03:23:22.122+0000] {logging_mixin.py:190} INFO - [2025-03-15T03:23:22.121+0000] {dagbag.py:587} INFO - Filling up the DagBag from /opt/airflow/dags/Careers_Data_Pipeline.py
[2025-03-15T03:23:22.496+0000] {processor.py:925} INFO - DAG(s) 'career_analytics_pipeline' retrieved from /opt/airflow/dags/Careers_Data_Pipeline.py
[2025-03-15T03:23:22.526+0000] {logging_mixin.py:190} INFO - [2025-03-15T03:23:22.526+0000] {dag.py:3229} INFO - Sync 1 DAGs
[2025-03-15T03:23:22.561+0000] {logging_mixin.py:190} INFO - [2025-03-15T03:23:22.560+0000] {dag.py:4156} INFO - Setting next_dagrun for career_analytics_pipeline to None, run_after=None
[2025-03-15T03:23:22.596+0000] {processor.py:208} INFO - Processing /opt/airflow/dags/Careers_Data_Pipeline.py took 0.492 seconds
[2025-03-15T03:23:52.721+0000] {processor.py:186} INFO - Started process (PID=180) to work on /opt/airflow/dags/Careers_Data_Pipeline.py
[2025-03-15T03:23:52.722+0000] {processor.py:914} INFO - Processing file /opt/airflow/dags/Careers_Data_Pipeline.py for tasks to queue
[2025-03-15T03:23:52.725+0000] {logging_mixin.py:190} INFO - [2025-03-15T03:23:52.724+0000] {dagbag.py:587} INFO - Filling up the DagBag from /opt/airflow/dags/Careers_Data_Pipeline.py
[2025-03-15T03:23:53.095+0000] {processor.py:925} INFO - DAG(s) 'career_analytics_pipeline' retrieved from /opt/airflow/dags/Careers_Data_Pipeline.py
[2025-03-15T03:23:53.128+0000] {logging_mixin.py:190} INFO - [2025-03-15T03:23:53.128+0000] {dag.py:3229} INFO - Sync 1 DAGs
[2025-03-15T03:23:53.367+0000] {logging_mixin.py:190} INFO - [2025-03-15T03:23:53.367+0000] {dag.py:4156} INFO - Setting next_dagrun for career_analytics_pipeline to None, run_after=None
[2025-03-15T03:23:53.400+0000] {processor.py:208} INFO - Processing /opt/airflow/dags/Careers_Data_Pipeline.py took 0.686 seconds
[2025-03-15T03:24:23.815+0000] {processor.py:186} INFO - Started process (PID=182) to work on /opt/airflow/dags/Careers_Data_Pipeline.py
[2025-03-15T03:24:23.817+0000] {processor.py:914} INFO - Processing file /opt/airflow/dags/Careers_Data_Pipeline.py for tasks to queue
[2025-03-15T03:24:23.820+0000] {logging_mixin.py:190} INFO - [2025-03-15T03:24:23.820+0000] {dagbag.py:587} INFO - Filling up the DagBag from /opt/airflow/dags/Careers_Data_Pipeline.py
[2025-03-15T03:24:24.241+0000] {processor.py:925} INFO - DAG(s) 'career_analytics_pipeline' retrieved from /opt/airflow/dags/Careers_Data_Pipeline.py
[2025-03-15T03:24:24.482+0000] {logging_mixin.py:190} INFO - [2025-03-15T03:24:24.481+0000] {dag.py:3229} INFO - Sync 1 DAGs
[2025-03-15T03:24:24.505+0000] {logging_mixin.py:190} INFO - [2025-03-15T03:24:24.504+0000] {dag.py:4156} INFO - Setting next_dagrun for career_analytics_pipeline to None, run_after=None
[2025-03-15T03:24:24.537+0000] {processor.py:208} INFO - Processing /opt/airflow/dags/Careers_Data_Pipeline.py took 0.728 seconds
[2025-03-15T03:24:54.654+0000] {processor.py:186} INFO - Started process (PID=184) to work on /opt/airflow/dags/Careers_Data_Pipeline.py
[2025-03-15T03:24:54.655+0000] {processor.py:914} INFO - Processing file /opt/airflow/dags/Careers_Data_Pipeline.py for tasks to queue
[2025-03-15T03:24:54.658+0000] {logging_mixin.py:190} INFO - [2025-03-15T03:24:54.658+0000] {dagbag.py:587} INFO - Filling up the DagBag from /opt/airflow/dags/Careers_Data_Pipeline.py
[2025-03-15T03:24:55.036+0000] {processor.py:925} INFO - DAG(s) 'career_analytics_pipeline' retrieved from /opt/airflow/dags/Careers_Data_Pipeline.py
[2025-03-15T03:24:55.074+0000] {logging_mixin.py:190} INFO - [2025-03-15T03:24:55.074+0000] {dag.py:3229} INFO - Sync 1 DAGs
[2025-03-15T03:24:55.108+0000] {logging_mixin.py:190} INFO - [2025-03-15T03:24:55.107+0000] {dag.py:4156} INFO - Setting next_dagrun for career_analytics_pipeline to None, run_after=None
[2025-03-15T03:24:55.142+0000] {processor.py:208} INFO - Processing /opt/airflow/dags/Careers_Data_Pipeline.py took 0.494 seconds
[2025-03-15T03:25:25.246+0000] {processor.py:186} INFO - Started process (PID=186) to work on /opt/airflow/dags/Careers_Data_Pipeline.py
[2025-03-15T03:25:25.247+0000] {processor.py:914} INFO - Processing file /opt/airflow/dags/Careers_Data_Pipeline.py for tasks to queue
[2025-03-15T03:25:25.250+0000] {logging_mixin.py:190} INFO - [2025-03-15T03:25:25.250+0000] {dagbag.py:587} INFO - Filling up the DagBag from /opt/airflow/dags/Careers_Data_Pipeline.py
[2025-03-15T03:25:25.619+0000] {processor.py:925} INFO - DAG(s) 'career_analytics_pipeline' retrieved from /opt/airflow/dags/Careers_Data_Pipeline.py
[2025-03-15T03:25:25.648+0000] {logging_mixin.py:190} INFO - [2025-03-15T03:25:25.647+0000] {dag.py:3229} INFO - Sync 1 DAGs
[2025-03-15T03:25:25.822+0000] {logging_mixin.py:190} INFO - [2025-03-15T03:25:25.821+0000] {dag.py:4156} INFO - Setting next_dagrun for career_analytics_pipeline to None, run_after=None
[2025-03-15T03:25:25.860+0000] {processor.py:208} INFO - Processing /opt/airflow/dags/Careers_Data_Pipeline.py took 0.620 seconds
[2025-03-15T03:25:56.154+0000] {processor.py:186} INFO - Started process (PID=188) to work on /opt/airflow/dags/Careers_Data_Pipeline.py
[2025-03-15T03:25:56.156+0000] {processor.py:914} INFO - Processing file /opt/airflow/dags/Careers_Data_Pipeline.py for tasks to queue
[2025-03-15T03:25:56.160+0000] {logging_mixin.py:190} INFO - [2025-03-15T03:25:56.159+0000] {dagbag.py:587} INFO - Filling up the DagBag from /opt/airflow/dags/Careers_Data_Pipeline.py
[2025-03-15T03:25:56.553+0000] {processor.py:925} INFO - DAG(s) 'career_analytics_pipeline' retrieved from /opt/airflow/dags/Careers_Data_Pipeline.py
[2025-03-15T03:25:56.727+0000] {logging_mixin.py:190} INFO - [2025-03-15T03:25:56.726+0000] {dag.py:3229} INFO - Sync 1 DAGs
[2025-03-15T03:25:56.751+0000] {logging_mixin.py:190} INFO - [2025-03-15T03:25:56.751+0000] {dag.py:4156} INFO - Setting next_dagrun for career_analytics_pipeline to None, run_after=None
[2025-03-15T03:25:56.789+0000] {processor.py:208} INFO - Processing /opt/airflow/dags/Careers_Data_Pipeline.py took 0.642 seconds
