[2025-03-15T03:06:52.116+0000] {local_task_job_runner.py:123} INFO - ::group::Pre task execution logs
[2025-03-15T03:06:52.155+0000] {taskinstance.py:2612} INFO - Dependencies all met for dep_context=non-requeueable deps ti=<TaskInstance: career_analytics_pipeline.transform_data scheduled__2025-02-22T00:00:00+00:00 [queued]>
[2025-03-15T03:06:52.167+0000] {taskinstance.py:2612} INFO - Dependencies all met for dep_context=requeueable deps ti=<TaskInstance: career_analytics_pipeline.transform_data scheduled__2025-02-22T00:00:00+00:00 [queued]>
[2025-03-15T03:06:52.172+0000] {taskinstance.py:2865} INFO - Starting attempt 1 of 2
[2025-03-15T03:06:52.190+0000] {taskinstance.py:2888} INFO - Executing <Task(PythonOperator): transform_data> on 2025-02-22 00:00:00+00:00
[2025-03-15T03:06:52.198+0000] {standard_task_runner.py:72} INFO - Started process 61 to run task
[2025-03-15T03:06:52.235+0000] {standard_task_runner.py:104} INFO - Running: ['***', 'tasks', 'run', 'career_analytics_pipeline', 'transform_data', 'scheduled__2025-02-22T00:00:00+00:00', '--job-id', '5', '--raw', '--subdir', 'DAGS_FOLDER/Careers_Data_Pipeline.py', '--cfg-path', '/tmp/tmpkbt2tooz']
[2025-03-15T03:06:52.240+0000] {standard_task_runner.py:105} INFO - Job 5: Subtask transform_data
[2025-03-15T03:06:52.350+0000] {task_command.py:467} INFO - Running <TaskInstance: career_analytics_pipeline.transform_data scheduled__2025-02-22T00:00:00+00:00 [running]> on host a3a2c18cecd9
[2025-03-15T03:06:52.960+0000] {taskinstance.py:3131} INFO - Exporting env vars: AIRFLOW_CTX_DAG_OWNER='***' AIRFLOW_CTX_DAG_ID='career_analytics_pipeline' AIRFLOW_CTX_TASK_ID='transform_data' AIRFLOW_CTX_EXECUTION_DATE='2025-02-22T00:00:00+00:00' AIRFLOW_CTX_TRY_NUMBER='1' AIRFLOW_CTX_DAG_RUN_ID='scheduled__2025-02-22T00:00:00+00:00'
[2025-03-15T03:06:52.964+0000] {taskinstance.py:731} INFO - ::endgroup::
[2025-03-15T03:06:53.234+0000] {python.py:240} INFO - Done. Returned value was: None
[2025-03-15T03:06:53.249+0000] {taskinstance.py:340} INFO - ::group::Post task execution logs
[2025-03-15T03:06:53.251+0000] {taskinstance.py:352} INFO - Marking task as SUCCESS. dag_id=career_analytics_pipeline, task_id=transform_data, run_id=scheduled__2025-02-22T00:00:00+00:00, execution_date=20250222T000000, start_date=20250315T030652, end_date=20250315T030653
[2025-03-15T03:06:53.293+0000] {local_task_job_runner.py:266} INFO - Task exited with return code 0
[2025-03-15T03:06:53.340+0000] {taskinstance.py:3900} INFO - 1 downstream tasks scheduled from follow-on schedule check
[2025-03-15T03:06:53.344+0000] {local_task_job_runner.py:245} INFO - ::endgroup::
[2025-03-15T03:09:28.211+0000] {local_task_job_runner.py:123} INFO - ::group::Pre task execution logs
[2025-03-15T03:09:28.233+0000] {taskinstance.py:2612} INFO - Dependencies all met for dep_context=non-requeueable deps ti=<TaskInstance: career_analytics_pipeline.transform_data scheduled__2025-02-22T00:00:00+00:00 [queued]>
[2025-03-15T03:09:28.244+0000] {taskinstance.py:2612} INFO - Dependencies all met for dep_context=requeueable deps ti=<TaskInstance: career_analytics_pipeline.transform_data scheduled__2025-02-22T00:00:00+00:00 [queued]>
[2025-03-15T03:09:28.246+0000] {taskinstance.py:2865} INFO - Starting attempt 1 of 2
[2025-03-15T03:09:28.272+0000] {taskinstance.py:2888} INFO - Executing <Task(PythonOperator): transform_data> on 2025-02-22 00:00:00+00:00
[2025-03-15T03:09:28.279+0000] {standard_task_runner.py:72} INFO - Started process 86 to run task
[2025-03-15T03:09:28.282+0000] {standard_task_runner.py:104} INFO - Running: ['***', 'tasks', 'run', 'career_analytics_pipeline', 'transform_data', 'scheduled__2025-02-22T00:00:00+00:00', '--job-id', '11', '--raw', '--subdir', 'DAGS_FOLDER/Careers_Data_Pipeline.py', '--cfg-path', '/tmp/tmpqy8sk672']
[2025-03-15T03:09:28.287+0000] {standard_task_runner.py:105} INFO - Job 11: Subtask transform_data
[2025-03-15T03:09:28.347+0000] {task_command.py:467} INFO - Running <TaskInstance: career_analytics_pipeline.transform_data scheduled__2025-02-22T00:00:00+00:00 [running]> on host a3a2c18cecd9
[2025-03-15T03:09:28.597+0000] {taskinstance.py:3131} INFO - Exporting env vars: AIRFLOW_CTX_DAG_OWNER='***' AIRFLOW_CTX_DAG_ID='career_analytics_pipeline' AIRFLOW_CTX_TASK_ID='transform_data' AIRFLOW_CTX_EXECUTION_DATE='2025-02-22T00:00:00+00:00' AIRFLOW_CTX_TRY_NUMBER='1' AIRFLOW_CTX_DAG_RUN_ID='scheduled__2025-02-22T00:00:00+00:00'
[2025-03-15T03:09:28.599+0000] {taskinstance.py:731} INFO - ::endgroup::
[2025-03-15T03:09:28.709+0000] {python.py:240} INFO - Done. Returned value was: None
[2025-03-15T03:09:28.724+0000] {taskinstance.py:340} INFO - ::group::Post task execution logs
[2025-03-15T03:09:28.726+0000] {taskinstance.py:352} INFO - Marking task as SUCCESS. dag_id=career_analytics_pipeline, task_id=transform_data, run_id=scheduled__2025-02-22T00:00:00+00:00, execution_date=20250222T000000, start_date=20250315T030928, end_date=20250315T030928
[2025-03-15T03:09:28.781+0000] {local_task_job_runner.py:266} INFO - Task exited with return code 0
[2025-03-15T03:09:28.825+0000] {taskinstance.py:3900} INFO - 1 downstream tasks scheduled from follow-on schedule check
[2025-03-15T03:09:28.829+0000] {local_task_job_runner.py:245} INFO - ::endgroup::
