[2025-03-08T23:24:27.548+0000] {local_task_job_runner.py:123} INFO - ::group::Pre task execution logs
[2025-03-08T23:24:27.582+0000] {taskinstance.py:2612} INFO - Dependencies all met for dep_context=non-requeueable deps ti=<TaskInstance: career_analytics_pipeline.load_data manual__2025-03-08T23:24:17.147863+00:00 [queued]>
[2025-03-08T23:24:27.603+0000] {taskinstance.py:2612} INFO - Dependencies all met for dep_context=requeueable deps ti=<TaskInstance: career_analytics_pipeline.load_data manual__2025-03-08T23:24:17.147863+00:00 [queued]>
[2025-03-08T23:24:27.607+0000] {taskinstance.py:2865} INFO - Starting attempt 1 of 2
[2025-03-08T23:24:27.628+0000] {taskinstance.py:2888} INFO - Executing <Task(PythonOperator): load_data> on 2025-03-08 23:24:17.147863+00:00
[2025-03-08T23:24:27.638+0000] {standard_task_runner.py:72} INFO - Started process 174 to run task
[2025-03-08T23:24:27.643+0000] {standard_task_runner.py:104} INFO - Running: ['***', 'tasks', 'run', 'career_analytics_pipeline', 'load_data', 'manual__2025-03-08T23:24:17.147863+00:00', '--job-id', '36', '--raw', '--subdir', 'DAGS_FOLDER/Careers_Data_Pipeline.py', '--cfg-path', '/tmp/tmppxgp940f']
[2025-03-08T23:24:27.649+0000] {standard_task_runner.py:105} INFO - Job 36: Subtask load_data
[2025-03-08T23:24:27.729+0000] {task_command.py:467} INFO - Running <TaskInstance: career_analytics_pipeline.load_data manual__2025-03-08T23:24:17.147863+00:00 [running]> on host b128859cb372
[2025-03-08T23:24:28.074+0000] {taskinstance.py:3131} INFO - Exporting env vars: AIRFLOW_CTX_DAG_OWNER='***' AIRFLOW_CTX_DAG_ID='career_analytics_pipeline' AIRFLOW_CTX_TASK_ID='load_data' AIRFLOW_CTX_EXECUTION_DATE='2025-03-08T23:24:17.147863+00:00' AIRFLOW_CTX_TRY_NUMBER='1' AIRFLOW_CTX_DAG_RUN_ID='manual__2025-03-08T23:24:17.147863+00:00'
[2025-03-08T23:24:28.076+0000] {taskinstance.py:731} INFO - ::endgroup::
[2025-03-08T23:24:28.125+0000] {warnings.py:110} WARNING - /opt/***/dags/Careers_Data_Pipeline.py:144: FutureWarning: Passing literal json to 'read_json' is deprecated and will be removed in a future version. To read from a literal string, wrap it in a 'StringIO' object.
  professionals_df = pd.read_json(ti.xcom_pull(key='professionals_df', task_ids='transform_data'))

[2025-03-08T23:24:28.148+0000] {warnings.py:110} WARNING - /opt/***/dags/Careers_Data_Pipeline.py:145: FutureWarning: Passing literal json to 'read_json' is deprecated and will be removed in a future version. To read from a literal string, wrap it in a 'StringIO' object.
  jobs_df = pd.read_json(ti.xcom_pull(key='jobs_df', task_ids='transform_data'))

[2025-03-08T23:24:28.169+0000] {warnings.py:110} WARNING - /opt/***/dags/Careers_Data_Pipeline.py:146: FutureWarning: Passing literal json to 'read_json' is deprecated and will be removed in a future version. To read from a literal string, wrap it in a 'StringIO' object.
  skills_df = pd.read_json(ti.xcom_pull(key='skills_df', task_ids='transform_data'))

[2025-03-08T23:24:28.188+0000] {warnings.py:110} WARNING - /opt/***/dags/Careers_Data_Pipeline.py:147: FutureWarning: Passing literal json to 'read_json' is deprecated and will be removed in a future version. To read from a literal string, wrap it in a 'StringIO' object.
  certifications_df = pd.read_json(ti.xcom_pull(key='certifications_df', task_ids='transform_data'))

[2025-03-08T23:24:28.208+0000] {warnings.py:110} WARNING - /opt/***/dags/Careers_Data_Pipeline.py:148: FutureWarning: Passing literal json to 'read_json' is deprecated and will be removed in a future version. To read from a literal string, wrap it in a 'StringIO' object.
  educations_df = pd.read_json(ti.xcom_pull(key='educations_df', task_ids='transform_data'))

[2025-03-08T23:24:28.409+0000] {python.py:240} INFO - Done. Returned value was: None
[2025-03-08T23:24:28.432+0000] {taskinstance.py:340} INFO - ::group::Post task execution logs
[2025-03-08T23:24:28.436+0000] {taskinstance.py:352} INFO - Marking task as SUCCESS. dag_id=career_analytics_pipeline, task_id=load_data, run_id=manual__2025-03-08T23:24:17.147863+00:00, execution_date=20250308T232417, start_date=20250308T232427, end_date=20250308T232428
[2025-03-08T23:24:28.507+0000] {local_task_job_runner.py:266} INFO - Task exited with return code 0
[2025-03-08T23:24:28.559+0000] {taskinstance.py:3900} INFO - 0 downstream tasks scheduled from follow-on schedule check
[2025-03-08T23:24:28.570+0000] {local_task_job_runner.py:245} INFO - ::endgroup::
